writeCommonTags: couldn't write 'track' tag to 'This Will Destroy You/Young Mountain/01 Quiet.m4a' as it's not a positive integer
writeCommonTags: couldn't write 'track' tag to 'This Will Destroy You/Young Mountain/02 The World Is Our.m4a' as it's not a positive integer
writeCommonTags: couldn't write 'track' tag to 'This Will Destroy You/Young Mountain/03 I Believe In Your Victory.m4a' as it's not a positive integer
writeCommonTags: couldn't write 'track' tag to 'This Will Destroy You/Young Mountain/04 Grandfather Clock.m4a' as it's not a positive integer
writeCommonTags: couldn't write 'track' tag to 'This Will Destroy You/Young Mountain/05 Happiness_ We're All In It Togeth.m4a' as it's not a positive integer
writeCommonTags: couldn't write 'track' tag to 'This Will Destroy You/Young Mountain/06 There Are Some Remedies Worse Tha.m4a' as it's not a positive integer
writeCommonTags: couldn't write 'track' tag to 'Andy Hunter & Hydro/Aborigination/01 Aborigination.m4a' as it's not a positive integer
writeCommonTags: couldn't write 'track' tag to 'Andy Hunter & Hydro/Aborigination/02 Celtech.m4a' as it's not a positive integer
writeCommonTags: couldn't write 'track' tag to 'Andy Hunter & Hydro/Aborigination/05 Didgital.m4a' as it's not a positive integer
writeCommonTags: couldn't write 'track' tag to 'Andy Hunter & Hydro/Aborigination/08 Liquid Prayers.m4a' as it's not a positive integer
writeCommonTags: couldn't write 'year' tag to 'Bon Iver - Heavenly Father/12 Heavenly Father.m4a' as it's not a positive integer
writeCommonTags: couldn't write 'track' tag to 'Bon Iver - Heavenly Father/12 Heavenly Father.m4a' as it's not a positive integer
writeCommonTags: couldn't write 'year' tag to 'Bon Iver - Heavenly Father/12 Heavenly Father.m4a' as it's not a positive integer
writeCommonTags: couldn't write 'track' tag to 'Bon Iver - Heavenly Father/12 Heavenly Father.m4a' as it's not a positive integer
writeCommonTags: couldn't write 'year' tag to 'Bon Iver - Heavenly Father/12 Heavenly Father.m4a' as it's not a positive integer
writeCommonTags: couldn't write 'track' tag to 'Bon Iver - Heavenly Father/12 Heavenly Father.m4a' as it's not a positive integer
writeCommonTags: couldn't write 'year' tag to 'Bon Iver - Heavenly Father/12 Heavenly Father.m4a' as it's not a positive integer
writeCommonTags: couldn't write 'track' tag to 'Bon Iver - Heavenly Father/12 Heavenly Father.m4a' as it's not a positive integer
writeCommonTags: couldn't write 'year' tag to 'Bon Iver/Blood Bank - EP/01 Blood Bank.m4a' as it's not a positive integer
writeCommonTags: couldn't write 'track' tag to 'Bon Iver/Blood Bank - EP/01 Blood Bank.m4a' as it's not a positive integer
writeCommonTags: couldn't write 'year' tag to 'Bon Iver/Blood Bank - EP/02 Beach Baby.m4a' as it's not a positive integer
writeCommonTags: couldn't write 'track' tag to 'Bon Iver/Blood Bank - EP/02 Beach Baby.m4a' as it's not a positive integer
writeCommonTags: couldn't write 'year' tag to 'Bon Iver/Blood Bank - EP/03 Babys.m4a' as it's not a positive integer
writeCommonTags: couldn't write 'track' tag to 'Bon Iver/Blood Bank - EP/03 Babys.m4a' as it's not a positive integer
writeCommonTags: couldn't write 'year' tag to 'Bon Iver/Blood Bank - EP/04 Woods.m4a' as it's not a positive integer
writeCommonTags: couldn't write 'track' tag to 'Bon Iver/Blood Bank - EP/04 Woods.m4a' as it's not a positive integer
writeCommonTags: couldn't write 'year' tag to 'Bon Iver/Blood Bank - EP/01 Blood Bank.m4a' as it's not a positive integer
writeCommonTags: couldn't write 'track' tag to 'Bon Iver/Blood Bank - EP/01 Blood Bank.m4a' as it's not a positive integer
writeCommonTags: couldn't write 'year' tag to 'Bon Iver/Blood Bank - EP/02 Beach Baby.m4a' as it's not a positive integer
writeCommonTags: couldn't write 'track' tag to 'Bon Iver/Blood Bank - EP/02 Beach Baby.m4a' as it's not a positive integer
writeCommonTags: couldn't write 'year' tag to 'Bon Iver/Blood Bank - EP/03 Babys.m4a' as it's not a positive integer
writeCommonTags: couldn't write 'track' tag to 'Bon Iver/Blood Bank - EP/03 Babys.m4a' as it's not a positive integer
writeCommonTags: couldn't write 'year' tag to 'Bon Iver/Blood Bank - EP/04 Woods.m4a' as it's not a positive integer
writeCommonTags: couldn't write 'track' tag to 'Bon Iver/Blood Bank - EP/04 Woods.m4a' as it's not a positive integer
writeCommonTags: couldn't write 'year' tag to 'A Fine Frenzy/Jessica's Mix Fo' Me/17 Hope For The Hopeless.m4a' as it's not a positive integer
writeCommonTags: couldn't write 'track' tag to 'A Fine Frenzy/Jessica's Mix Fo' Me/17 Hope For The Hopeless.m4a' as it's not a positive integer
writeCommonTags: couldn't write 'year' tag to 'Darling/Jessica's Mix #2/01 Rain on my Tin Roof.m4a' as it's not a positive integer
writeCommonTags: couldn't write 'track' tag to 'Darling/Jessica's Mix #2/01 Rain on my Tin Roof.m4a' as it's not a positive integer
writeCommonTags: couldn't write 'year' tag to 'David Crowder Band/Jessica's Mix #2/03 I Need Words.m4a' as it's not a positive integer
writeCommonTags: couldn't write 'track' tag to 'David Crowder Band/Jessica's Mix #2/03 I Need Words.m4a' as it's not a positive integer
