Mar 29 09:22 : config: option 'mixer_device' on line 214 was not recognized
Mar 29 09:22 : config: option 'mixer_control' on line 215 was not recognized
Mar 29 09:22 : config: option 'mixer_index' on line 216 was not recognized
Mar 29 11:29 : update: added The Glitch Mob/Drink the Sea/08 Drive It Like You Stole It.mp3
Mar 29 11:29 : update: added The Glitch Mob/Drink the Sea/09 Fortune Days.mp3
Mar 29 11:29 : update: added The Glitch Mob/Drink the Sea/10 Starve The Ego, Feed The Soul.mp3
Mar 29 11:29 : update: added The Glitch Mob/Drink the Sea/04 A Dream Within A Dream.mp3
Mar 29 11:29 : update: added The Glitch Mob/Drink the Sea/06 Between Two Points (feat. Swan).mp3
Mar 29 11:29 : update: added The Glitch Mob/Drink the Sea/05 Fistful of Silence.mp3
Mar 29 11:29 : update: added The Glitch Mob/Drink the Sea/03 How To Be Eaten By A Woman.mp3
Mar 29 11:29 : update: added The Glitch Mob/Drink the Sea/07 We Swarm.mp3
Mar 29 11:29 : update: added The Glitch Mob/Drink the Sea/01 Animus Vox.mp3
Mar 29 11:29 : update: added The Glitch Mob/Drink the Sea/02 Bad Wings.mp3
Mar 29 11:29 : update: added The Glitch Mob - Love Death Immortality (V0)/02. Our Demons (feat Aja Volkman).mp3
Mar 29 11:29 : update: added The Glitch Mob - Love Death Immortality (V0)/07. Skytoucher.mp3
Mar 29 11:29 : update: added The Glitch Mob - Love Death Immortality (V0)/05. Can't Kill Us.mp3
Mar 29 11:29 : update: added The Glitch Mob - Love Death Immortality (V0)/10. Beauty of the Unhidden Heart (feat Sister Crayon).mp3
Mar 29 11:29 : update: added The Glitch Mob - Love Death Immortality (V0)/09. Carry the Sun.mp3
Mar 29 11:29 : update: added The Glitch Mob - Love Death Immortality (V0)/04. Becoming Harmonius (feat Metal Mother).mp3
Mar 29 11:29 : update: added The Glitch Mob - Love Death Immortality (V0)/08. Fly By Night Only (feat Yaarrohs).mp3
Mar 29 11:29 : update: added The Glitch Mob - Love Death Immortality (V0)/06. I Need My Memory Back (feat Aja Volkman).mp3
Mar 29 11:29 : update: added The Glitch Mob - Love Death Immortality (V0)/01. Mind of a Beast.mp3
Mar 29 11:29 : update: added The Glitch Mob - Love Death Immortality (V0)/03. Skullclub.mp3
Mar 29 11:29 : update: added LP4/01 - Bilar.mp3
Mar 29 11:29 : update: added LP4/06 - Mandy.mp3
Mar 29 11:29 : update: added LP4/12 - Alps.mp3
Mar 29 11:29 : update: added LP4/08 - Party With Children.mp3
Mar 29 11:29 : update: added LP4/10 - Bare Feast.mp3
Mar 29 11:29 : update: added LP4/11 - Grape Juice City.mp3
Mar 29 11:29 : update: added LP4/07 - Mahalo.mp3
Mar 29 11:29 : update: added LP4/02 - Drugs.mp3
Mar 29 11:29 : update: added LP4/05 - Bob Ghandi.mp3
Mar 29 11:29 : update: added LP4/09 - SunBlocks.mp3
Mar 29 11:29 : update: added LP4/03 - Neckbrace.mp3
Mar 29 11:29 : update: added LP4/04 - We Can't Be Stopped.mp3
Mar 29 11:29 : update: added James Blake - 2010 - CMYK EP - LAME MP3/01 CMYK.mp3
Mar 29 11:29 : update: added James Blake - 2010 - CMYK EP - LAME MP3/04 Postpone.mp3
Mar 29 11:29 : update: added James Blake - 2010 - CMYK EP - LAME MP3/03 I'll Stay.mp3
Mar 29 11:29 : update: added James Blake - 2010 - CMYK EP - LAME MP3/02 Footnotes.mp3
Mar 29 11:29 : update: added The Glitch Mob - Drink The Sea The Remixes Volume 1 (v0)/7-12 - Drive It Like You Stole It (Mindelixir rmx).mp3
Mar 29 11:29 : update: added The Glitch Mob - Drink The Sea The Remixes Volume 1 (v0)/3-12 - Bad Wings (Kastle rmx).mp3
Mar 29 11:29 : update: added The Glitch Mob - Drink The Sea The Remixes Volume 1 (v0)/12 - Drive It Like You Stole It (Pawn rmx).mp3
Mar 29 11:29 : update: added The Glitch Mob - Drink The Sea The Remixes Volume 1 (v0)/2-12 - Animus Vox (EPROM rmx).mp3
Mar 29 11:29 : update: added The Glitch Mob - Drink The Sea The Remixes Volume 1 (v0)/1-12 - Between Two Points (Jogger rmx).mp3
Mar 29 11:29 : update: added The Glitch Mob - Drink The Sea The Remixes Volume 1 (v0)/10-12 - A Dream Within A Dream (Skeet Skeet rmx).mp3
Mar 29 11:29 : update: added The Glitch Mob - Drink The Sea The Remixes Volume 1 (v0)/5-12 - Between Two Points (St. Andrew rmx).mp3
Mar 29 11:29 : update: added The Glitch Mob - Drink The Sea The Remixes Volume 1 (v0)/11-12 - We Swarm (Chris De Luca rmx).mp3
Mar 29 11:29 : update: added The Glitch Mob - Drink The Sea The Remixes Volume 1 (v0)/8-12 - Starve The Ego, Feed The Soul (R-D rmx).mp3
Mar 29 11:29 : update: added The Glitch Mob - Drink The Sea The Remixes Volume 1 (v0)/9-12 - Between Two Points (King Britt rmx).mp3
Mar 29 11:29 : update: added The Glitch Mob - Drink The Sea The Remixes Volume 1 (v0)/6-12 - How To Be Eaten By A Woman (Salva rmx).mp3
Mar 29 11:29 : update: added The Glitch Mob - Drink The Sea The Remixes Volume 1 (v0)/4-12 - Fistful Of Silence (ESKMO rmx).mp3
Mar 29 11:29 : update: added The Glitch Mob - Drink The Sea The Remixes Vol.2 [2012] [v0]/07 Between Two Points (SPL Remix).mp3
Mar 29 11:29 : update: added The Glitch Mob - Drink The Sea The Remixes Vol.2 [2012] [v0]/02 How To Be Eaten By A Woman (Camo UFOs Remix).mp3
Mar 29 11:29 : update: added The Glitch Mob - Drink The Sea The Remixes Vol.2 [2012] [v0]/04 Between Two Points (Comma Remix).mp3
Mar 29 11:29 : update: added The Glitch Mob - Drink The Sea The Remixes Vol.2 [2012] [v0]/08 How To Be Eaten By A Woman (Mr_ Projectile Remix).mp3
Mar 29 11:29 : update: added The Glitch Mob - Drink The Sea The Remixes Vol.2 [2012] [v0]/09 We Swarm (Beats Antique Remix).mp3
Mar 29 11:29 : update: added The Glitch Mob - Drink The Sea The Remixes Vol.2 [2012] [v0]/13 A Dream Within A Dream (Nalepa Remix).mp3
Mar 29 11:29 : update: added The Glitch Mob - Drink The Sea The Remixes Vol.2 [2012] [v0]/06 Drive It Like You Stole It (Mirko Kosmos Remix).mp3
Mar 29 11:29 : update: added The Glitch Mob - Drink The Sea The Remixes Vol.2 [2012] [v0]/10 Between Two Dreams (Machinedrum Convergence).mp3
Mar 29 11:29 : update: added The Glitch Mob - Drink The Sea The Remixes Vol.2 [2012] [v0]/01 Fortune Days (DJ Vadim Remix ft_ Pugs Atomz).mp3
Mar 29 11:29 : update: added The Glitch Mob - Drink The Sea The Remixes Vol.2 [2012] [v0]/11 Bad Wings (Them Jeans Remix).mp3
Mar 29 11:29 : update: added The Glitch Mob - Drink The Sea The Remixes Vol.2 [2012] [v0]/05 Fortune Days (Virtual Boy Remix).mp3
Mar 29 11:29 : update: added The Glitch Mob - Drink The Sea The Remixes Vol.2 [2012] [v0]/03 Bad Wings (Deru Remix).mp3
Mar 29 11:29 : update: added The Glitch Mob - Drink The Sea The Remixes Vol.2 [2012] [v0]/12 How to Be Eaten By A Woman (Adam_01 Remix).mp3
Mar 29 11:29 : update: added James Blake/Overgrown/09 To The Last.mp3
Mar 29 11:29 : update: added James Blake/Overgrown/07 Digital Lion.mp3
Mar 29 11:29 : update: added James Blake/Overgrown/05 Retrograde.mp3
Mar 29 11:29 : update: added James Blake/Overgrown/08 Voyeur.mp3
Mar 29 11:29 : update: added James Blake/Overgrown/01 Overgrown.mp3
Mar 29 11:29 : update: added James Blake/Overgrown/10 Our Love Comes Back.mp3
Mar 29 11:29 : update: added James Blake/Overgrown/03 Life Round Here.mp3
Mar 29 11:29 : update: added James Blake/Overgrown/06 Dlm.mp3
Mar 29 11:29 : update: added James Blake/Overgrown/04 Take A Fall For Me.mp3
Mar 29 11:29 : update: added James Blake/Overgrown/02 I Am Sold.mp3
Mar 29 11:29 : update: added James Blake/James Blake/04 Lindisfarne I.mp3
Mar 29 11:29 : update: added James Blake/James Blake/08 To Care (Like You).mp3
Mar 29 11:29 : update: added James Blake/James Blake/07 Give Me My Month.mp3
Mar 29 11:29 : update: added James Blake/James Blake/05 Lindisfarne II.mp3
Mar 29 11:29 : update: added James Blake/James Blake/01 Unluck.mp3
Mar 29 11:29 : update: added James Blake/James Blake/10 I Mind.mp3
Mar 29 11:29 : update: added James Blake/James Blake/03 I Never Learnt To Share.mp3
Mar 29 11:29 : update: added James Blake/James Blake/02 The Wilhelm Scream.mp3
Mar 29 11:29 : update: added James Blake/James Blake/11 Measurements.mp3
Mar 29 11:29 : update: added James Blake/James Blake/09 Why Don't You Call Me.mp3
Mar 29 11:29 : update: added James Blake/James Blake/06 Limit To Your Love.mp3
Mar 29 11:29 : update: added James Blake - Klavierwerke EP (V0)/02 - Tell Her Safe.mp3
Mar 29 11:29 : update: added James Blake - Klavierwerke EP (V0)/03 - I Only Know (What I Know Now).mp3
Mar 29 11:29 : update: added James Blake - Klavierwerke EP (V0)/04 - Don't You Think I Do.mp3
Mar 29 11:29 : update: added James Blake - Klavierwerke EP (V0)/01 - Klavierwerke.mp3
Mar 29 11:33 : player: played "James Blake - 2010 - CMYK EP - LAME MP3/01 CMYK.mp3"
Mar 29 11:38 : player: played "James Blake - 2010 - CMYK EP - LAME MP3/02 Footnotes.mp3"
Mar 29 11:42 : player: played "James Blake - 2010 - CMYK EP - LAME MP3/03 I'll Stay.mp3"
Mar 29 11:45 : archive: Failed to stat /home/jared/music/James Blake - Klavierwerke EP (V0)/01 - Klavierwerke.mp3: No such file or directory
Mar 29 11:45 : input: Unrecognized URI
Mar 29 11:45 : archive: Failed to stat /home/jared/music/James Blake - Klavierwerke EP (V0)/01 - Klavierwerke.mp3: No such file or directory
Mar 29 11:45 : input: Unrecognized URI
Mar 29 11:45 : player: played "James Blake - 2010 - CMYK EP - LAME MP3/04 Postpone.mp3"
Mar 29 11:45 : player: played "James Blake - 2010 - CMYK EP - LAME MP3/04 Postpone.mp3"
Mar 29 11:45 : archive: Failed to stat /home/jared/music/James Blake - Klavierwerke EP (V0)/01 - Klavierwerke.mp3: No such file or directory
Mar 29 11:45 : input: Unrecognized URI
Mar 29 11:45 : archive: Failed to stat /home/jared/music/James Blake - Klavierwerke EP (V0)/01 - Klavierwerke.mp3: No such file or directory
Mar 29 11:45 : input: Unrecognized URI
Mar 29 11:45 : player: played "James Blake - Klavierwerke EP (V0)/01 - Klavierwerke.mp3"
Mar 29 11:45 : archive: Failed to stat /home/jared/music/James Blake - Klavierwerke EP (V0)/02 - Tell Her Safe.mp3: No such file or directory
Mar 29 11:45 : input: Unrecognized URI
Mar 29 11:45 : archive: Failed to stat /home/jared/music/James Blake - Klavierwerke EP (V0)/02 - Tell Her Safe.mp3: No such file or directory
Mar 29 11:45 : input: Unrecognized URI
Mar 29 11:45 : player: played "James Blake - Klavierwerke EP (V0)/02 - Tell Her Safe.mp3"
Mar 29 11:45 : archive: Failed to stat /home/jared/music/James Blake - Klavierwerke EP (V0)/03 - I Only Know (What I Know Now).mp3: No such file or directory
Mar 29 11:45 : input: Unrecognized URI
Mar 29 11:45 : archive: Failed to stat /home/jared/music/James Blake - Klavierwerke EP (V0)/03 - I Only Know (What I Know Now).mp3: No such file or directory
Mar 29 11:45 : input: Unrecognized URI
Mar 29 11:45 : player: played "James Blake - Klavierwerke EP (V0)/03 - I Only Know (What I Know Now).mp3"
Mar 29 11:45 : archive: Failed to stat /home/jared/music/James Blake - Klavierwerke EP (V0)/04 - Don't You Think I Do.mp3: No such file or directory
Mar 29 11:45 : input: Unrecognized URI
Mar 29 11:45 : archive: Failed to stat /home/jared/music/James Blake - Klavierwerke EP (V0)/04 - Don't You Think I Do.mp3: No such file or directory
Mar 29 11:45 : input: Unrecognized URI
Mar 29 11:45 : player: played "James Blake - Klavierwerke EP (V0)/04 - Don't You Think I Do.mp3"
Mar 29 11:45 : archive: Failed to stat /home/jared/music/James Blake - Klavierwerke EP (V0)/04 - Don't You Think I Do.mp3: No such file or directory
Mar 29 11:45 : input: Unrecognized URI
Mar 29 11:45 : archive: Failed to stat /home/jared/music/James Blake - Klavierwerke EP (V0)/04 - Don't You Think I Do.mp3: No such file or directory
Mar 29 11:45 : input: Unrecognized URI
Mar 29 11:45 : player: played "James Blake - Klavierwerke EP (V0)/04 - Don't You Think I Do.mp3"
Mar 29 11:48 : player: played "James Blake/James Blake/01 Unluck.mp3"
Mar 29 11:53 : config: option 'mixer_device' on line 214 was not recognized
Mar 29 11:53 : config: option 'mixer_control' on line 215 was not recognized
Mar 29 11:53 : config: option 'mixer_index' on line 216 was not recognized
Mar 29 12:57 : archive: Failed to stat /home/jared/music/James Blake - 2010 - CMYK EP - LAME MP3/01 CMYK.mp3: No such file or directory
Mar 29 12:57 : input: Unrecognized URI
Mar 29 12:57 : archive: Failed to stat /home/jared/music/James Blake - 2010 - CMYK EP - LAME MP3/01 CMYK.mp3: No such file or directory
Mar 29 12:57 : input: Unrecognized URI
Mar 29 12:57 : player: played "James Blake - 2010 - CMYK EP - LAME MP3/01 CMYK.mp3"
Mar 29 12:57 : archive: Failed to stat /home/jared/music/James Blake - 2010 - CMYK EP - LAME MP3/02 Footnotes.mp3: No such file or directory
Mar 29 12:57 : input: Unrecognized URI
Mar 29 12:57 : archive: Failed to stat /home/jared/music/James Blake - 2010 - CMYK EP - LAME MP3/02 Footnotes.mp3: No such file or directory
Mar 29 12:57 : input: Unrecognized URI
Mar 29 12:57 : player: played "James Blake - 2010 - CMYK EP - LAME MP3/02 Footnotes.mp3"
Mar 29 12:57 : archive: Failed to stat /home/jared/music/James Blake - 2010 - CMYK EP - LAME MP3/03 I'll Stay.mp3: No such file or directory
Mar 29 12:57 : input: Unrecognized URI
Mar 29 12:57 : archive: Failed to stat /home/jared/music/James Blake - 2010 - CMYK EP - LAME MP3/03 I'll Stay.mp3: No such file or directory
Mar 29 12:57 : input: Unrecognized URI
Mar 29 12:57 : player: played "James Blake - 2010 - CMYK EP - LAME MP3/03 I'll Stay.mp3"
Mar 29 12:57 : archive: Failed to stat /home/jared/music/James Blake - 2010 - CMYK EP - LAME MP3/04 Postpone.mp3: No such file or directory
Mar 29 12:57 : input: Unrecognized URI
Mar 29 12:57 : archive: Failed to stat /home/jared/music/James Blake - 2010 - CMYK EP - LAME MP3/04 Postpone.mp3: No such file or directory
Mar 29 12:57 : input: Unrecognized URI
Mar 29 12:57 : player: played "James Blake - 2010 - CMYK EP - LAME MP3/04 Postpone.mp3"
Mar 29 12:57 : archive: Failed to stat /home/jared/music/James Blake - Klavierwerke EP (V0)/01 - Klavierwerke.mp3: No such file or directory
Mar 29 12:57 : input: Unrecognized URI
Mar 29 12:57 : archive: Failed to stat /home/jared/music/James Blake - Klavierwerke EP (V0)/01 - Klavierwerke.mp3: No such file or directory
Mar 29 12:57 : input: Unrecognized URI
Mar 29 12:57 : player: played "James Blake - Klavierwerke EP (V0)/01 - Klavierwerke.mp3"
Mar 29 12:57 : archive: Failed to stat /home/jared/music/James Blake - Klavierwerke EP (V0)/02 - Tell Her Safe.mp3: No such file or directory
Mar 29 12:57 : input: Unrecognized URI
Mar 29 12:57 : archive: Failed to stat /home/jared/music/James Blake - Klavierwerke EP (V0)/02 - Tell Her Safe.mp3: No such file or directory
Mar 29 12:57 : input: Unrecognized URI
Mar 29 12:57 : player: played "James Blake - Klavierwerke EP (V0)/02 - Tell Her Safe.mp3"
Mar 29 12:57 : archive: Failed to stat /home/jared/music/James Blake - Klavierwerke EP (V0)/03 - I Only Know (What I Know Now).mp3: No such file or directory
Mar 29 12:57 : input: Unrecognized URI
Mar 29 12:57 : archive: Failed to stat /home/jared/music/James Blake - Klavierwerke EP (V0)/03 - I Only Know (What I Know Now).mp3: No such file or directory
Mar 29 12:57 : input: Unrecognized URI
Mar 29 12:57 : player: played "James Blake - Klavierwerke EP (V0)/03 - I Only Know (What I Know Now).mp3"
Mar 29 12:57 : archive: Failed to stat /home/jared/music/James Blake - Klavierwerke EP (V0)/04 - Don't You Think I Do.mp3: No such file or directory
Mar 29 12:57 : input: Unrecognized URI
Mar 29 12:57 : archive: Failed to stat /home/jared/music/James Blake - Klavierwerke EP (V0)/04 - Don't You Think I Do.mp3: No such file or directory
Mar 29 12:57 : input: Unrecognized URI
Mar 29 12:57 : player: played "James Blake - Klavierwerke EP (V0)/04 - Don't You Think I Do.mp3"
Mar 29 12:58 : archive: Failed to stat /home/jared/music/James Blake - 2010 - CMYK EP - LAME MP3/01 CMYK.mp3: No such file or directory
Mar 29 12:58 : input: Unrecognized URI
Mar 29 12:58 : archive: Failed to stat /home/jared/music/James Blake - 2010 - CMYK EP - LAME MP3/01 CMYK.mp3: No such file or directory
Mar 29 12:58 : input: Unrecognized URI
Mar 29 12:58 : player: played "James Blake - 2010 - CMYK EP - LAME MP3/01 CMYK.mp3"
Mar 29 12:58 : archive: Failed to stat /home/jared/music/James Blake - 2010 - CMYK EP - LAME MP3/02 Footnotes.mp3: No such file or directory
Mar 29 12:58 : input: Unrecognized URI
Mar 29 12:58 : archive: Failed to stat /home/jared/music/James Blake - 2010 - CMYK EP - LAME MP3/02 Footnotes.mp3: No such file or directory
Mar 29 12:58 : input: Unrecognized URI
Mar 29 12:58 : archive: Failed to stat /home/jared/music/James Blake - 2010 - CMYK EP - LAME MP3/03 I'll Stay.mp3: No such file or directory
Mar 29 12:58 : input: Unrecognized URI
Mar 29 12:58 : archive: Failed to stat /home/jared/music/James Blake - 2010 - CMYK EP - LAME MP3/03 I'll Stay.mp3: No such file or directory
Mar 29 12:58 : input: Unrecognized URI
Mar 29 12:58 : player: played "James Blake - 2010 - CMYK EP - LAME MP3/03 I'll Stay.mp3"
Mar 29 12:58 : archive: Failed to stat /home/jared/music/James Blake - 2010 - CMYK EP - LAME MP3/04 Postpone.mp3: No such file or directory
Mar 29 12:58 : input: Unrecognized URI
Mar 29 12:58 : archive: Failed to stat /home/jared/music/James Blake - 2010 - CMYK EP - LAME MP3/04 Postpone.mp3: No such file or directory
Mar 29 12:58 : input: Unrecognized URI
Mar 29 12:58 : archive: Failed to stat /home/jared/music/James Blake - Klavierwerke EP (V0)/01 - Klavierwerke.mp3: No such file or directory
Mar 29 12:58 : input: Unrecognized URI
Mar 29 12:58 : archive: Failed to stat /home/jared/music/James Blake - Klavierwerke EP (V0)/01 - Klavierwerke.mp3: No such file or directory
Mar 29 12:58 : input: Unrecognized URI
Mar 29 12:58 : archive: Failed to stat /home/jared/music/James Blake - Klavierwerke EP (V0)/02 - Tell Her Safe.mp3: No such file or directory
Mar 29 12:58 : input: Unrecognized URI
Mar 29 12:58 : archive: Failed to stat /home/jared/music/James Blake - Klavierwerke EP (V0)/02 - Tell Her Safe.mp3: No such file or directory
Mar 29 12:58 : input: Unrecognized URI
Mar 29 12:58 : archive: Failed to stat /home/jared/music/James Blake - Klavierwerke EP (V0)/03 - I Only Know (What I Know Now).mp3: No such file or directory
Mar 29 12:58 : input: Unrecognized URI
Mar 29 12:58 : archive: Failed to stat /home/jared/music/James Blake - Klavierwerke EP (V0)/03 - I Only Know (What I Know Now).mp3: No such file or directory
Mar 29 12:58 : input: Unrecognized URI
Mar 29 12:58 : player: played "James Blake - Klavierwerke EP (V0)/03 - I Only Know (What I Know Now).mp3"
Mar 29 12:58 : archive: Failed to stat /home/jared/music/James Blake - Klavierwerke EP (V0)/04 - Don't You Think I Do.mp3: No such file or directory
Mar 29 12:58 : input: Unrecognized URI
Mar 29 12:58 : archive: Failed to stat /home/jared/music/James Blake - Klavierwerke EP (V0)/04 - Don't You Think I Do.mp3: No such file or directory
Mar 29 12:58 : input: Unrecognized URI
Mar 29 12:58 : player: played "James Blake - Klavierwerke EP (V0)/04 - Don't You Think I Do.mp3"
Mar 29 12:58 : archive: Failed to stat /home/jared/music/James Blake - 2010 - CMYK EP - LAME MP3/01 CMYK.mp3: No such file or directory
Mar 29 12:58 : input: Unrecognized URI
Mar 29 12:58 : archive: Failed to stat /home/jared/music/James Blake - 2010 - CMYK EP - LAME MP3/01 CMYK.mp3: No such file or directory
Mar 29 12:58 : input: Unrecognized URI
Mar 29 12:58 : player: played "James Blake - 2010 - CMYK EP - LAME MP3/01 CMYK.mp3"
Mar 29 12:58 : archive: Failed to stat /home/jared/music/James Blake - 2010 - CMYK EP - LAME MP3/02 Footnotes.mp3: No such file or directory
Mar 29 12:58 : input: Unrecognized URI
Mar 29 12:58 : archive: Failed to stat /home/jared/music/James Blake - 2010 - CMYK EP - LAME MP3/02 Footnotes.mp3: No such file or directory
Mar 29 12:58 : input: Unrecognized URI
Mar 29 12:58 : archive: Failed to stat /home/jared/music/James Blake - 2010 - CMYK EP - LAME MP3/03 I'll Stay.mp3: No such file or directory
Mar 29 12:58 : input: Unrecognized URI
Mar 29 12:58 : archive: Failed to stat /home/jared/music/James Blake - 2010 - CMYK EP - LAME MP3/03 I'll Stay.mp3: No such file or directory
Mar 29 12:58 : input: Unrecognized URI
Mar 29 12:58 : player: played "James Blake - 2010 - CMYK EP - LAME MP3/03 I'll Stay.mp3"
Mar 29 12:58 : archive: Failed to stat /home/jared/music/James Blake - 2010 - CMYK EP - LAME MP3/04 Postpone.mp3: No such file or directory
Mar 29 12:58 : input: Unrecognized URI
Mar 29 12:58 : archive: Failed to stat /home/jared/music/James Blake - 2010 - CMYK EP - LAME MP3/04 Postpone.mp3: No such file or directory
Mar 29 12:58 : input: Unrecognized URI
Mar 29 12:58 : player: played "James Blake - 2010 - CMYK EP - LAME MP3/04 Postpone.mp3"
Mar 29 12:58 : archive: Failed to stat /home/jared/music/James Blake - Klavierwerke EP (V0)/01 - Klavierwerke.mp3: No such file or directory
Mar 29 12:58 : input: Unrecognized URI
Mar 29 12:58 : archive: Failed to stat /home/jared/music/James Blake - Klavierwerke EP (V0)/01 - Klavierwerke.mp3: No such file or directory
Mar 29 12:58 : input: Unrecognized URI
Mar 29 12:58 : archive: Failed to stat /home/jared/music/James Blake - Klavierwerke EP (V0)/01 - Klavierwerke.mp3: No such file or directory
Mar 29 12:58 : input: Unrecognized URI
Mar 29 12:58 : archive: Failed to stat /home/jared/music/James Blake - Klavierwerke EP (V0)/01 - Klavierwerke.mp3: No such file or directory
Mar 29 12:58 : input: Unrecognized URI
Mar 29 12:58 : player: played "James Blake - Klavierwerke EP (V0)/01 - Klavierwerke.mp3"
Mar 29 12:58 : archive: Failed to stat /home/jared/music/James Blake - Klavierwerke EP (V0)/02 - Tell Her Safe.mp3: No such file or directory
Mar 29 12:58 : input: Unrecognized URI
Mar 29 12:58 : archive: Failed to stat /home/jared/music/James Blake - Klavierwerke EP (V0)/02 - Tell Her Safe.mp3: No such file or directory
Mar 29 12:58 : input: Unrecognized URI
Mar 29 12:58 : player: played "James Blake - Klavierwerke EP (V0)/02 - Tell Her Safe.mp3"
Mar 29 12:58 : archive: Failed to stat /home/jared/music/James Blake - Klavierwerke EP (V0)/03 - I Only Know (What I Know Now).mp3: No such file or directory
Mar 29 12:58 : input: Unrecognized URI
Mar 29 12:58 : archive: Failed to stat /home/jared/music/James Blake - Klavierwerke EP (V0)/03 - I Only Know (What I Know Now).mp3: No such file or directory
Mar 29 12:58 : input: Unrecognized URI
Mar 29 12:58 : player: played "James Blake - Klavierwerke EP (V0)/03 - I Only Know (What I Know Now).mp3"
Mar 29 12:58 : archive: Failed to stat /home/jared/music/James Blake - Klavierwerke EP (V0)/04 - Don't You Think I Do.mp3: No such file or directory
Mar 29 12:58 : input: Unrecognized URI
Mar 29 12:58 : archive: Failed to stat /home/jared/music/James Blake - Klavierwerke EP (V0)/04 - Don't You Think I Do.mp3: No such file or directory
Mar 29 12:58 : input: Unrecognized URI
Mar 29 12:58 : player: played "James Blake - Klavierwerke EP (V0)/04 - Don't You Think I Do.mp3"
Mar 29 12:58 : archive: Failed to stat /home/jared/music/James Blake - Klavierwerke EP (V0)/04 - Don't You Think I Do.mp3: No such file or directory
Mar 29 12:58 : input: Unrecognized URI
Mar 29 12:58 : archive: Failed to stat /home/jared/music/James Blake - Klavierwerke EP (V0)/04 - Don't You Think I Do.mp3: No such file or directory
Mar 29 12:58 : input: Unrecognized URI
Mar 29 12:58 : player: played "James Blake - Klavierwerke EP (V0)/04 - Don't You Think I Do.mp3"
Mar 29 12:58 : archive: Failed to stat /home/jared/music/James Blake - 2010 - CMYK EP - LAME MP3/01 CMYK.mp3: No such file or directory
Mar 29 12:58 : input: Unrecognized URI
Mar 29 12:58 : archive: Failed to stat /home/jared/music/James Blake - 2010 - CMYK EP - LAME MP3/01 CMYK.mp3: No such file or directory
Mar 29 12:58 : input: Unrecognized URI
Mar 29 12:58 : player: played "James Blake - 2010 - CMYK EP - LAME MP3/01 CMYK.mp3"
Mar 29 12:58 : archive: Failed to stat /home/jared/music/James Blake - 2010 - CMYK EP - LAME MP3/02 Footnotes.mp3: No such file or directory
Mar 29 12:58 : input: Unrecognized URI
Mar 29 12:58 : archive: Failed to stat /home/jared/music/James Blake - 2010 - CMYK EP - LAME MP3/02 Footnotes.mp3: No such file or directory
Mar 29 12:58 : input: Unrecognized URI
Mar 29 12:58 : archive: Failed to stat /home/jared/music/James Blake - 2010 - CMYK EP - LAME MP3/03 I'll Stay.mp3: No such file or directory
Mar 29 12:58 : input: Unrecognized URI
Mar 29 12:58 : archive: Failed to stat /home/jared/music/James Blake - 2010 - CMYK EP - LAME MP3/03 I'll Stay.mp3: No such file or directory
Mar 29 12:58 : input: Unrecognized URI
Mar 29 12:58 : player: played "James Blake - 2010 - CMYK EP - LAME MP3/03 I'll Stay.mp3"
Mar 29 12:58 : archive: Failed to stat /home/jared/music/James Blake - 2010 - CMYK EP - LAME MP3/04 Postpone.mp3: No such file or directory
Mar 29 12:58 : input: Unrecognized URI
Mar 29 12:58 : archive: Failed to stat /home/jared/music/James Blake - 2010 - CMYK EP - LAME MP3/04 Postpone.mp3: No such file or directory
Mar 29 12:58 : input: Unrecognized URI
Mar 29 12:58 : archive: Failed to stat /home/jared/music/James Blake - Klavierwerke EP (V0)/01 - Klavierwerke.mp3: No such file or directory
Mar 29 12:58 : input: Unrecognized URI
Mar 29 12:58 : archive: Failed to stat /home/jared/music/James Blake - Klavierwerke EP (V0)/01 - Klavierwerke.mp3: No such file or directory
Mar 29 12:58 : input: Unrecognized URI
Mar 29 12:58 : archive: Failed to stat /home/jared/music/James Blake - Klavierwerke EP (V0)/02 - Tell Her Safe.mp3: No such file or directory
Mar 29 12:58 : input: Unrecognized URI
Mar 29 12:58 : archive: Failed to stat /home/jared/music/James Blake - Klavierwerke EP (V0)/02 - Tell Her Safe.mp3: No such file or directory
Mar 29 12:58 : input: Unrecognized URI
Mar 29 12:58 : player: played "James Blake - Klavierwerke EP (V0)/02 - Tell Her Safe.mp3"
Mar 29 12:58 : archive: Failed to stat /home/jared/music/James Blake - Klavierwerke EP (V0)/03 - I Only Know (What I Know Now).mp3: No such file or directory
Mar 29 12:58 : input: Unrecognized URI
Mar 29 12:58 : archive: Failed to stat /home/jared/music/James Blake - Klavierwerke EP (V0)/03 - I Only Know (What I Know Now).mp3: No such file or directory
Mar 29 12:58 : input: Unrecognized URI
Mar 29 12:58 : player: played "James Blake - Klavierwerke EP (V0)/03 - I Only Know (What I Know Now).mp3"
Mar 29 12:58 : archive: Failed to stat /home/jared/music/James Blake - Klavierwerke EP (V0)/04 - Don't You Think I Do.mp3: No such file or directory
Mar 29 12:58 : input: Unrecognized URI
Mar 29 12:58 : archive: Failed to stat /home/jared/music/James Blake - Klavierwerke EP (V0)/04 - Don't You Think I Do.mp3: No such file or directory
Mar 29 12:58 : input: Unrecognized URI
Mar 29 12:58 : player: played "James Blake - Klavierwerke EP (V0)/04 - Don't You Think I Do.mp3"
Mar 29 12:58 : archive: Failed to stat /home/jared/music/James Blake - 2010 - CMYK EP - LAME MP3/01 CMYK.mp3: No such file or directory
Mar 29 12:58 : input: Unrecognized URI
Mar 29 12:58 : archive: Failed to stat /home/jared/music/James Blake - 2010 - CMYK EP - LAME MP3/01 CMYK.mp3: No such file or directory
Mar 29 12:58 : input: Unrecognized URI
Mar 29 12:58 : player: played "James Blake - 2010 - CMYK EP - LAME MP3/01 CMYK.mp3"
Mar 29 12:58 : archive: Failed to stat /home/jared/music/James Blake - 2010 - CMYK EP - LAME MP3/02 Footnotes.mp3: No such file or directory
Mar 29 12:58 : input: Unrecognized URI
Mar 29 12:58 : archive: Failed to stat /home/jared/music/James Blake - 2010 - CMYK EP - LAME MP3/02 Footnotes.mp3: No such file or directory
Mar 29 12:58 : input: Unrecognized URI
Mar 29 12:58 : archive: Failed to stat /home/jared/music/James Blake - 2010 - CMYK EP - LAME MP3/03 I'll Stay.mp3: No such file or directory
Mar 29 12:58 : input: Unrecognized URI
Mar 29 12:58 : archive: Failed to stat /home/jared/music/James Blake - 2010 - CMYK EP - LAME MP3/03 I'll Stay.mp3: No such file or directory
Mar 29 12:58 : input: Unrecognized URI
Mar 29 12:58 : player: played "James Blake - 2010 - CMYK EP - LAME MP3/03 I'll Stay.mp3"
Mar 29 12:58 : archive: Failed to stat /home/jared/music/James Blake - 2010 - CMYK EP - LAME MP3/04 Postpone.mp3: No such file or directory
Mar 29 12:58 : input: Unrecognized URI
Mar 29 12:58 : archive: Failed to stat /home/jared/music/James Blake - 2010 - CMYK EP - LAME MP3/04 Postpone.mp3: No such file or directory
Mar 29 12:58 : input: Unrecognized URI
Mar 29 12:58 : archive: Failed to stat /home/jared/music/James Blake - Klavierwerke EP (V0)/01 - Klavierwerke.mp3: No such file or directory
Mar 29 12:58 : input: Unrecognized URI
Mar 29 12:58 : archive: Failed to stat /home/jared/music/James Blake - Klavierwerke EP (V0)/01 - Klavierwerke.mp3: No such file or directory
Mar 29 12:58 : input: Unrecognized URI
Mar 29 12:58 : archive: Failed to stat /home/jared/music/James Blake - Klavierwerke EP (V0)/02 - Tell Her Safe.mp3: No such file or directory
Mar 29 12:58 : input: Unrecognized URI
Mar 29 12:58 : archive: Failed to stat /home/jared/music/James Blake - Klavierwerke EP (V0)/02 - Tell Her Safe.mp3: No such file or directory
Mar 29 12:58 : input: Unrecognized URI
Mar 29 12:58 : player: played "James Blake - Klavierwerke EP (V0)/02 - Tell Her Safe.mp3"
Mar 29 12:58 : archive: Failed to stat /home/jared/music/James Blake - Klavierwerke EP (V0)/03 - I Only Know (What I Know Now).mp3: No such file or directory
Mar 29 12:58 : input: Unrecognized URI
Mar 29 12:58 : archive: Failed to stat /home/jared/music/James Blake - Klavierwerke EP (V0)/03 - I Only Know (What I Know Now).mp3: No such file or directory
Mar 29 12:58 : input: Unrecognized URI
Mar 29 12:58 : player: played "James Blake - Klavierwerke EP (V0)/03 - I Only Know (What I Know Now).mp3"
Mar 29 12:58 : archive: Failed to stat /home/jared/music/James Blake - Klavierwerke EP (V0)/04 - Don't You Think I Do.mp3: No such file or directory
Mar 29 12:58 : input: Unrecognized URI
Mar 29 12:58 : archive: Failed to stat /home/jared/music/James Blake - Klavierwerke EP (V0)/04 - Don't You Think I Do.mp3: No such file or directory
Mar 29 12:58 : input: Unrecognized URI
Mar 29 12:58 : player: played "James Blake - Klavierwerke EP (V0)/04 - Don't You Think I Do.mp3"
Mar 29 12:58 : archive: Failed to stat /home/jared/music/James Blake - 2010 - CMYK EP - LAME MP3/01 CMYK.mp3: No such file or directory
Mar 29 12:58 : input: Unrecognized URI
Mar 29 12:58 : archive: Failed to stat /home/jared/music/James Blake - 2010 - CMYK EP - LAME MP3/01 CMYK.mp3: No such file or directory
Mar 29 12:58 : input: Unrecognized URI
Mar 29 12:58 : player: played "James Blake - 2010 - CMYK EP - LAME MP3/01 CMYK.mp3"
Mar 29 12:58 : archive: Failed to stat /home/jared/music/James Blake - 2010 - CMYK EP - LAME MP3/02 Footnotes.mp3: No such file or directory
Mar 29 12:58 : input: Unrecognized URI
Mar 29 12:58 : archive: Failed to stat /home/jared/music/James Blake - 2010 - CMYK EP - LAME MP3/02 Footnotes.mp3: No such file or directory
Mar 29 12:58 : input: Unrecognized URI
Mar 29 12:58 : player: played "James Blake - 2010 - CMYK EP - LAME MP3/02 Footnotes.mp3"
Mar 29 12:58 : archive: Failed to stat /home/jared/music/James Blake - 2010 - CMYK EP - LAME MP3/03 I'll Stay.mp3: No such file or directory
Mar 29 12:58 : input: Unrecognized URI
Mar 29 12:58 : archive: Failed to stat /home/jared/music/James Blake - 2010 - CMYK EP - LAME MP3/03 I'll Stay.mp3: No such file or directory
Mar 29 12:58 : input: Unrecognized URI
Mar 29 12:58 : player: played "James Blake - 2010 - CMYK EP - LAME MP3/03 I'll Stay.mp3"
Mar 29 12:58 : archive: Failed to stat /home/jared/music/James Blake - 2010 - CMYK EP - LAME MP3/03 I'll Stay.mp3: No such file or directory
Mar 29 12:58 : input: Unrecognized URI
Mar 29 12:58 : archive: Failed to stat /home/jared/music/James Blake - 2010 - CMYK EP - LAME MP3/03 I'll Stay.mp3: No such file or directory
Mar 29 12:58 : input: Unrecognized URI
Mar 29 12:58 : archive: Failed to stat /home/jared/music/James Blake - 2010 - CMYK EP - LAME MP3/04 Postpone.mp3: No such file or directory
Mar 29 12:58 : input: Unrecognized URI
Mar 29 12:58 : archive: Failed to stat /home/jared/music/James Blake - 2010 - CMYK EP - LAME MP3/04 Postpone.mp3: No such file or directory
Mar 29 12:58 : input: Unrecognized URI
Mar 29 12:58 : archive: Failed to stat /home/jared/music/James Blake - Klavierwerke EP (V0)/01 - Klavierwerke.mp3: No such file or directory
Mar 29 12:58 : input: Unrecognized URI
Mar 29 12:58 : archive: Failed to stat /home/jared/music/James Blake - Klavierwerke EP (V0)/01 - Klavierwerke.mp3: No such file or directory
Mar 29 12:58 : input: Unrecognized URI
Mar 29 12:58 : archive: Failed to stat /home/jared/music/James Blake - Klavierwerke EP (V0)/02 - Tell Her Safe.mp3: No such file or directory
Mar 29 12:58 : input: Unrecognized URI
Mar 29 12:58 : archive: Failed to stat /home/jared/music/James Blake - Klavierwerke EP (V0)/02 - Tell Her Safe.mp3: No such file or directory
Mar 29 12:58 : input: Unrecognized URI
Mar 29 12:58 : archive: Failed to stat /home/jared/music/James Blake - Klavierwerke EP (V0)/03 - I Only Know (What I Know Now).mp3: No such file or directory
Mar 29 12:58 : input: Unrecognized URI
Mar 29 12:58 : archive: Failed to stat /home/jared/music/James Blake - Klavierwerke EP (V0)/03 - I Only Know (What I Know Now).mp3: No such file or directory
Mar 29 12:58 : input: Unrecognized URI
Mar 29 12:58 : player: played "James Blake - Klavierwerke EP (V0)/03 - I Only Know (What I Know Now).mp3"
Mar 29 12:58 : archive: Failed to stat /home/jared/music/James Blake - Klavierwerke EP (V0)/04 - Don't You Think I Do.mp3: No such file or directory
Mar 29 12:58 : input: Unrecognized URI
Mar 29 12:58 : archive: Failed to stat /home/jared/music/James Blake - Klavierwerke EP (V0)/04 - Don't You Think I Do.mp3: No such file or directory
Mar 29 12:58 : input: Unrecognized URI
Mar 29 12:58 : player: played "James Blake - Klavierwerke EP (V0)/04 - Don't You Think I Do.mp3"
Mar 29 12:58 : archive: Failed to stat /home/jared/music/James Blake - 2010 - CMYK EP - LAME MP3/01 CMYK.mp3: No such file or directory
Mar 29 12:58 : input: Unrecognized URI
Mar 29 12:58 : archive: Failed to stat /home/jared/music/James Blake - 2010 - CMYK EP - LAME MP3/01 CMYK.mp3: No such file or directory
Mar 29 12:58 : input: Unrecognized URI
Mar 29 12:58 : player: played "James Blake - 2010 - CMYK EP - LAME MP3/01 CMYK.mp3"
Mar 29 12:58 : archive: Failed to stat /home/jared/music/James Blake - 2010 - CMYK EP - LAME MP3/02 Footnotes.mp3: No such file or directory
Mar 29 12:58 : input: Unrecognized URI
Mar 29 12:58 : archive: Failed to stat /home/jared/music/James Blake - 2010 - CMYK EP - LAME MP3/02 Footnotes.mp3: No such file or directory
Mar 29 12:58 : input: Unrecognized URI
Mar 29 12:58 : player: played "James Blake - 2010 - CMYK EP - LAME MP3/02 Footnotes.mp3"
Mar 29 12:58 : archive: Failed to stat /home/jared/music/James Blake - 2010 - CMYK EP - LAME MP3/03 I'll Stay.mp3: No such file or directory
Mar 29 12:58 : input: Unrecognized URI
Mar 29 12:58 : archive: Failed to stat /home/jared/music/James Blake - 2010 - CMYK EP - LAME MP3/03 I'll Stay.mp3: No such file or directory
Mar 29 12:58 : input: Unrecognized URI
Mar 29 12:58 : archive: Failed to stat /home/jared/music/James Blake - 2010 - CMYK EP - LAME MP3/04 Postpone.mp3: No such file or directory
Mar 29 12:58 : input: Unrecognized URI
Mar 29 12:58 : archive: Failed to stat /home/jared/music/James Blake - 2010 - CMYK EP - LAME MP3/04 Postpone.mp3: No such file or directory
Mar 29 12:58 : input: Unrecognized URI
Mar 29 12:58 : archive: Failed to stat /home/jared/music/James Blake - Klavierwerke EP (V0)/01 - Klavierwerke.mp3: No such file or directory
Mar 29 12:58 : input: Unrecognized URI
Mar 29 12:58 : archive: Failed to stat /home/jared/music/James Blake - Klavierwerke EP (V0)/01 - Klavierwerke.mp3: No such file or directory
Mar 29 12:58 : input: Unrecognized URI
Mar 29 12:58 : archive: Failed to stat /home/jared/music/James Blake - Klavierwerke EP (V0)/02 - Tell Her Safe.mp3: No such file or directory
Mar 29 12:58 : input: Unrecognized URI
Mar 29 12:58 : archive: Failed to stat /home/jared/music/James Blake - Klavierwerke EP (V0)/02 - Tell Her Safe.mp3: No such file or directory
Mar 29 12:58 : input: Unrecognized URI
Mar 29 12:58 : archive: Failed to stat /home/jared/music/James Blake - Klavierwerke EP (V0)/03 - I Only Know (What I Know Now).mp3: No such file or directory
Mar 29 12:58 : input: Unrecognized URI
Mar 29 12:58 : archive: Failed to stat /home/jared/music/James Blake - Klavierwerke EP (V0)/03 - I Only Know (What I Know Now).mp3: No such file or directory
Mar 29 12:58 : input: Unrecognized URI
Mar 29 12:58 : archive: Failed to stat /home/jared/music/James Blake - Klavierwerke EP (V0)/04 - Don't You Think I Do.mp3: No such file or directory
Mar 29 12:58 : input: Unrecognized URI
Mar 29 12:58 : archive: Failed to stat /home/jared/music/James Blake - Klavierwerke EP (V0)/04 - Don't You Think I Do.mp3: No such file or directory
Mar 29 12:58 : input: Unrecognized URI
Mar 29 12:58 : player: played "James Blake - Klavierwerke EP (V0)/04 - Don't You Think I Do.mp3"
Mar 29 12:58 : archive: Failed to stat /home/jared/music/James Blake - 2010 - CMYK EP - LAME MP3/01 CMYK.mp3: No such file or directory
Mar 29 12:58 : input: Unrecognized URI
Mar 29 12:58 : archive: Failed to stat /home/jared/music/James Blake - 2010 - CMYK EP - LAME MP3/01 CMYK.mp3: No such file or directory
Mar 29 12:58 : input: Unrecognized URI
Mar 29 12:58 : player: played "James Blake - 2010 - CMYK EP - LAME MP3/01 CMYK.mp3"
Mar 29 12:58 : archive: Failed to stat /home/jared/music/James Blake - 2010 - CMYK EP - LAME MP3/02 Footnotes.mp3: No such file or directory
Mar 29 12:58 : input: Unrecognized URI
Mar 29 12:58 : archive: Failed to stat /home/jared/music/James Blake - 2010 - CMYK EP - LAME MP3/02 Footnotes.mp3: No such file or directory
Mar 29 12:58 : input: Unrecognized URI
Mar 29 12:58 : archive: Failed to stat /home/jared/music/James Blake - 2010 - CMYK EP - LAME MP3/03 I'll Stay.mp3: No such file or directory
Mar 29 12:58 : input: Unrecognized URI
Mar 29 12:58 : archive: Failed to stat /home/jared/music/James Blake - 2010 - CMYK EP - LAME MP3/03 I'll Stay.mp3: No such file or directory
Mar 29 12:58 : input: Unrecognized URI
Mar 29 12:58 : archive: Failed to stat /home/jared/music/James Blake - 2010 - CMYK EP - LAME MP3/04 Postpone.mp3: No such file or directory
Mar 29 12:58 : input: Unrecognized URI
Mar 29 12:58 : archive: Failed to stat /home/jared/music/James Blake - 2010 - CMYK EP - LAME MP3/04 Postpone.mp3: No such file or directory
Mar 29 12:58 : input: Unrecognized URI
Mar 29 12:58 : archive: Failed to stat /home/jared/music/James Blake - Klavierwerke EP (V0)/01 - Klavierwerke.mp3: No such file or directory
Mar 29 12:58 : input: Unrecognized URI
Mar 29 12:58 : archive: Failed to stat /home/jared/music/James Blake - Klavierwerke EP (V0)/01 - Klavierwerke.mp3: No such file or directory
Mar 29 12:58 : input: Unrecognized URI
Mar 29 12:58 : player: played "James Blake - Klavierwerke EP (V0)/01 - Klavierwerke.mp3"
Mar 29 12:58 : archive: Failed to stat /home/jared/music/James Blake - Klavierwerke EP (V0)/02 - Tell Her Safe.mp3: No such file or directory
Mar 29 12:58 : input: Unrecognized URI
Mar 29 12:58 : archive: Failed to stat /home/jared/music/James Blake - Klavierwerke EP (V0)/02 - Tell Her Safe.mp3: No such file or directory
Mar 29 12:58 : input: Unrecognized URI
Mar 29 12:58 : player: played "James Blake - Klavierwerke EP (V0)/02 - Tell Her Safe.mp3"
Mar 29 12:58 : archive: Failed to stat /home/jared/music/James Blake - Klavierwerke EP (V0)/03 - I Only Know (What I Know Now).mp3: No such file or directory
Mar 29 12:58 : input: Unrecognized URI
Mar 29 12:58 : archive: Failed to stat /home/jared/music/James Blake - Klavierwerke EP (V0)/03 - I Only Know (What I Know Now).mp3: No such file or directory
Mar 29 12:58 : input: Unrecognized URI
Mar 29 12:58 : player: played "James Blake - Klavierwerke EP (V0)/03 - I Only Know (What I Know Now).mp3"
Mar 29 12:58 : archive: Failed to stat /home/jared/music/James Blake - Klavierwerke EP (V0)/04 - Don't You Think I Do.mp3: No such file or directory
Mar 29 12:58 : input: Unrecognized URI
Mar 29 12:58 : archive: Failed to stat /home/jared/music/James Blake - Klavierwerke EP (V0)/04 - Don't You Think I Do.mp3: No such file or directory
Mar 29 12:58 : input: Unrecognized URI
Mar 29 12:58 : player: played "James Blake - Klavierwerke EP (V0)/04 - Don't You Think I Do.mp3"
Mar 29 12:58 : archive: Failed to stat /home/jared/music/James Blake - Klavierwerke EP (V0)/04 - Don't You Think I Do.mp3: No such file or directory
Mar 29 12:58 : input: Unrecognized URI
Mar 29 12:58 : archive: Failed to stat /home/jared/music/James Blake - Klavierwerke EP (V0)/04 - Don't You Think I Do.mp3: No such file or directory
Mar 29 12:58 : input: Unrecognized URI
Mar 29 12:58 : player: played "James Blake - Klavierwerke EP (V0)/04 - Don't You Think I Do.mp3"
Mar 29 12:58 : archive: Failed to stat /home/jared/music/James Blake - 2010 - CMYK EP - LAME MP3/01 CMYK.mp3: No such file or directory
Mar 29 12:58 : input: Unrecognized URI
Mar 29 12:58 : archive: Failed to stat /home/jared/music/James Blake - 2010 - CMYK EP - LAME MP3/01 CMYK.mp3: No such file or directory
Mar 29 12:58 : input: Unrecognized URI
Mar 29 12:58 : player: played "James Blake - 2010 - CMYK EP - LAME MP3/01 CMYK.mp3"
Mar 29 12:58 : archive: Failed to stat /home/jared/music/James Blake - 2010 - CMYK EP - LAME MP3/02 Footnotes.mp3: No such file or directory
Mar 29 12:58 : input: Unrecognized URI
Mar 29 12:58 : archive: Failed to stat /home/jared/music/James Blake - 2010 - CMYK EP - LAME MP3/02 Footnotes.mp3: No such file or directory
Mar 29 12:58 : input: Unrecognized URI
Mar 29 12:58 : player: played "James Blake - 2010 - CMYK EP - LAME MP3/02 Footnotes.mp3"
Mar 29 12:58 : archive: Failed to stat /home/jared/music/James Blake - 2010 - CMYK EP - LAME MP3/03 I'll Stay.mp3: No such file or directory
Mar 29 12:58 : input: Unrecognized URI
Mar 29 12:58 : archive: Failed to stat /home/jared/music/James Blake - 2010 - CMYK EP - LAME MP3/03 I'll Stay.mp3: No such file or directory
Mar 29 12:58 : input: Unrecognized URI
Mar 29 12:58 : player: played "James Blake - 2010 - CMYK EP - LAME MP3/03 I'll Stay.mp3"
Mar 29 12:58 : archive: Failed to stat /home/jared/music/James Blake - 2010 - CMYK EP - LAME MP3/03 I'll Stay.mp3: No such file or directory
Mar 29 12:58 : input: Unrecognized URI
Mar 29 12:58 : archive: Failed to stat /home/jared/music/James Blake - 2010 - CMYK EP - LAME MP3/03 I'll Stay.mp3: No such file or directory
Mar 29 12:58 : input: Unrecognized URI
Mar 29 12:58 : archive: Failed to stat /home/jared/music/James Blake - 2010 - CMYK EP - LAME MP3/04 Postpone.mp3: No such file or directory
Mar 29 12:58 : input: Unrecognized URI
Mar 29 12:58 : archive: Failed to stat /home/jared/music/James Blake - 2010 - CMYK EP - LAME MP3/04 Postpone.mp3: No such file or directory
Mar 29 12:58 : input: Unrecognized URI
Mar 29 12:58 : archive: Failed to stat /home/jared/music/James Blake - Klavierwerke EP (V0)/01 - Klavierwerke.mp3: No such file or directory
Mar 29 12:58 : input: Unrecognized URI
Mar 29 12:58 : archive: Failed to stat /home/jared/music/James Blake - Klavierwerke EP (V0)/01 - Klavierwerke.mp3: No such file or directory
Mar 29 12:58 : input: Unrecognized URI
Mar 29 12:58 : player: played "James Blake - Klavierwerke EP (V0)/01 - Klavierwerke.mp3"
Mar 29 12:58 : archive: Failed to stat /home/jared/music/James Blake - Klavierwerke EP (V0)/02 - Tell Her Safe.mp3: No such file or directory
Mar 29 12:58 : input: Unrecognized URI
Mar 29 12:58 : archive: Failed to stat /home/jared/music/James Blake - Klavierwerke EP (V0)/02 - Tell Her Safe.mp3: No such file or directory
Mar 29 12:58 : input: Unrecognized URI
Mar 29 12:58 : player: played "James Blake - Klavierwerke EP (V0)/02 - Tell Her Safe.mp3"
Mar 29 12:58 : archive: Failed to stat /home/jared/music/James Blake - Klavierwerke EP (V0)/03 - I Only Know (What I Know Now).mp3: No such file or directory
Mar 29 12:58 : input: Unrecognized URI
Mar 29 12:58 : archive: Failed to stat /home/jared/music/James Blake - Klavierwerke EP (V0)/03 - I Only Know (What I Know Now).mp3: No such file or directory
Mar 29 12:58 : input: Unrecognized URI
Mar 29 12:58 : player: played "James Blake - Klavierwerke EP (V0)/03 - I Only Know (What I Know Now).mp3"
Mar 29 12:58 : archive: Failed to stat /home/jared/music/James Blake - Klavierwerke EP (V0)/04 - Don't You Think I Do.mp3: No such file or directory
Mar 29 12:58 : input: Unrecognized URI
Mar 29 12:58 : archive: Failed to stat /home/jared/music/James Blake - Klavierwerke EP (V0)/04 - Don't You Think I Do.mp3: No such file or directory
Mar 29 12:58 : input: Unrecognized URI
Mar 29 12:58 : player: played "James Blake - Klavierwerke EP (V0)/04 - Don't You Think I Do.mp3"
Mar 29 12:58 : archive: Failed to stat /home/jared/music/James Blake - 2010 - CMYK EP - LAME MP3/01 CMYK.mp3: No such file or directory
Mar 29 12:58 : input: Unrecognized URI
Mar 29 12:58 : archive: Failed to stat /home/jared/music/James Blake - 2010 - CMYK EP - LAME MP3/01 CMYK.mp3: No such file or directory
Mar 29 12:58 : input: Unrecognized URI
Mar 29 12:58 : player: played "James Blake - 2010 - CMYK EP - LAME MP3/01 CMYK.mp3"
Mar 29 12:58 : archive: Failed to stat /home/jared/music/James Blake - 2010 - CMYK EP - LAME MP3/02 Footnotes.mp3: No such file or directory
Mar 29 12:58 : input: Unrecognized URI
Mar 29 12:58 : archive: Failed to stat /home/jared/music/James Blake - 2010 - CMYK EP - LAME MP3/02 Footnotes.mp3: No such file or directory
Mar 29 12:58 : input: Unrecognized URI
Mar 29 12:58 : player: played "James Blake - 2010 - CMYK EP - LAME MP3/02 Footnotes.mp3"
Mar 29 12:58 : archive: Failed to stat /home/jared/music/James Blake - 2010 - CMYK EP - LAME MP3/03 I'll Stay.mp3: No such file or directory
Mar 29 12:58 : input: Unrecognized URI
Mar 29 12:58 : archive: Failed to stat /home/jared/music/James Blake - 2010 - CMYK EP - LAME MP3/03 I'll Stay.mp3: No such file or directory
Mar 29 12:58 : input: Unrecognized URI
Mar 29 12:58 : archive: Failed to stat /home/jared/music/James Blake - 2010 - CMYK EP - LAME MP3/04 Postpone.mp3: No such file or directory
Mar 29 12:58 : input: Unrecognized URI
Mar 29 12:58 : archive: Failed to stat /home/jared/music/James Blake - 2010 - CMYK EP - LAME MP3/04 Postpone.mp3: No such file or directory
Mar 29 12:58 : input: Unrecognized URI
Mar 29 12:58 : archive: Failed to stat /home/jared/music/James Blake - Klavierwerke EP (V0)/01 - Klavierwerke.mp3: No such file or directory
Mar 29 12:58 : input: Unrecognized URI
Mar 29 12:58 : archive: Failed to stat /home/jared/music/James Blake - Klavierwerke EP (V0)/01 - Klavierwerke.mp3: No such file or directory
Mar 29 12:58 : input: Unrecognized URI
Mar 29 12:58 : archive: Failed to stat /home/jared/music/James Blake - Klavierwerke EP (V0)/02 - Tell Her Safe.mp3: No such file or directory
Mar 29 12:58 : input: Unrecognized URI
Mar 29 12:58 : archive: Failed to stat /home/jared/music/James Blake - Klavierwerke EP (V0)/02 - Tell Her Safe.mp3: No such file or directory
Mar 29 12:58 : input: Unrecognized URI
Mar 29 12:58 : archive: Failed to stat /home/jared/music/James Blake - Klavierwerke EP (V0)/03 - I Only Know (What I Know Now).mp3: No such file or directory
Mar 29 12:58 : input: Unrecognized URI
Mar 29 12:58 : archive: Failed to stat /home/jared/music/James Blake - Klavierwerke EP (V0)/03 - I Only Know (What I Know Now).mp3: No such file or directory
Mar 29 12:58 : input: Unrecognized URI
Mar 29 12:58 : archive: Failed to stat /home/jared/music/James Blake - Klavierwerke EP (V0)/04 - Don't You Think I Do.mp3: No such file or directory
Mar 29 12:58 : input: Unrecognized URI
Mar 29 12:58 : archive: Failed to stat /home/jared/music/James Blake - Klavierwerke EP (V0)/04 - Don't You Think I Do.mp3: No such file or directory
Mar 29 12:58 : input: Unrecognized URI
Mar 29 12:58 : update: removing James Blake - 2010 - CMYK EP - LAME MP3/01 CMYK.mp3
Mar 29 12:58 : update: removing James Blake - 2010 - CMYK EP - LAME MP3/02 Footnotes.mp3
Mar 29 12:58 : update: removing James Blake - 2010 - CMYK EP - LAME MP3/03 I'll Stay.mp3
Mar 29 12:58 : update: removing James Blake - 2010 - CMYK EP - LAME MP3/04 Postpone.mp3
Mar 29 12:58 : update: removing James Blake - Klavierwerke EP (V0)/01 - Klavierwerke.mp3
Mar 29 12:58 : update: removing James Blake - Klavierwerke EP (V0)/02 - Tell Her Safe.mp3
Mar 29 12:58 : update: removing James Blake - Klavierwerke EP (V0)/03 - I Only Know (What I Know Now).mp3
Mar 29 12:58 : update: removing James Blake - Klavierwerke EP (V0)/04 - Don't You Think I Do.mp3
Mar 29 12:58 : update: removing The Glitch Mob - Drink The Sea The Remixes Vol.2 [2012] [v0]/01 Fortune Days (DJ Vadim Remix ft_ Pugs Atomz).mp3
Mar 29 12:58 : update: removing The Glitch Mob - Drink The Sea The Remixes Vol.2 [2012] [v0]/02 How To Be Eaten By A Woman (Camo UFOs Remix).mp3
Mar 29 12:58 : update: removing The Glitch Mob - Drink The Sea The Remixes Vol.2 [2012] [v0]/03 Bad Wings (Deru Remix).mp3
Mar 29 12:58 : update: removing The Glitch Mob - Drink The Sea The Remixes Vol.2 [2012] [v0]/04 Between Two Points (Comma Remix).mp3
Mar 29 12:58 : update: removing The Glitch Mob - Drink The Sea The Remixes Vol.2 [2012] [v0]/05 Fortune Days (Virtual Boy Remix).mp3
Mar 29 12:58 : update: removing The Glitch Mob - Drink The Sea The Remixes Vol.2 [2012] [v0]/06 Drive It Like You Stole It (Mirko Kosmos Remix).mp3
Mar 29 12:58 : update: removing The Glitch Mob - Drink The Sea The Remixes Vol.2 [2012] [v0]/07 Between Two Points (SPL Remix).mp3
Mar 29 12:58 : update: removing The Glitch Mob - Drink The Sea The Remixes Vol.2 [2012] [v0]/08 How To Be Eaten By A Woman (Mr_ Projectile Remix).mp3
Mar 29 12:58 : update: removing The Glitch Mob - Drink The Sea The Remixes Vol.2 [2012] [v0]/09 We Swarm (Beats Antique Remix).mp3
Mar 29 12:58 : update: removing The Glitch Mob - Drink The Sea The Remixes Vol.2 [2012] [v0]/10 Between Two Dreams (Machinedrum Convergence).mp3
Mar 29 12:58 : update: removing The Glitch Mob - Drink The Sea The Remixes Vol.2 [2012] [v0]/11 Bad Wings (Them Jeans Remix).mp3
Mar 29 12:58 : update: removing The Glitch Mob - Drink The Sea The Remixes Vol.2 [2012] [v0]/12 How to Be Eaten By A Woman (Adam_01 Remix).mp3
Mar 29 12:58 : update: removing The Glitch Mob - Drink The Sea The Remixes Vol.2 [2012] [v0]/13 A Dream Within A Dream (Nalepa Remix).mp3
Mar 29 12:58 : update: removing The Glitch Mob - Drink The Sea The Remixes Volume 1 (v0)/1-12 - Between Two Points (Jogger rmx).mp3
Mar 29 12:58 : update: removing The Glitch Mob - Drink The Sea The Remixes Volume 1 (v0)/2-12 - Animus Vox (EPROM rmx).mp3
Mar 29 12:58 : update: removing The Glitch Mob - Drink The Sea The Remixes Volume 1 (v0)/3-12 - Bad Wings (Kastle rmx).mp3
Mar 29 12:58 : update: removing The Glitch Mob - Drink The Sea The Remixes Volume 1 (v0)/4-12 - Fistful Of Silence (ESKMO rmx).mp3
Mar 29 12:58 : update: removing The Glitch Mob - Drink The Sea The Remixes Volume 1 (v0)/5-12 - Between Two Points (St. Andrew rmx).mp3
Mar 29 12:58 : update: removing The Glitch Mob - Drink The Sea The Remixes Volume 1 (v0)/6-12 - How To Be Eaten By A Woman (Salva rmx).mp3
Mar 29 12:58 : update: removing The Glitch Mob - Drink The Sea The Remixes Volume 1 (v0)/7-12 - Drive It Like You Stole It (Mindelixir rmx).mp3
Mar 29 12:58 : update: removing The Glitch Mob - Drink The Sea The Remixes Volume 1 (v0)/8-12 - Starve The Ego, Feed The Soul (R-D rmx).mp3
Mar 29 12:58 : update: removing The Glitch Mob - Drink The Sea The Remixes Volume 1 (v0)/9-12 - Between Two Points (King Britt rmx).mp3
Mar 29 12:58 : update: removing The Glitch Mob - Drink The Sea The Remixes Volume 1 (v0)/10-12 - A Dream Within A Dream (Skeet Skeet rmx).mp3
Mar 29 12:58 : update: removing The Glitch Mob - Drink The Sea The Remixes Volume 1 (v0)/11-12 - We Swarm (Chris De Luca rmx).mp3
Mar 29 12:58 : update: removing The Glitch Mob - Drink The Sea The Remixes Volume 1 (v0)/12 - Drive It Like You Stole It (Pawn rmx).mp3
Mar 29 12:58 : update: removing The Glitch Mob - Love Death Immortality (V0)/01. Mind of a Beast.mp3
Mar 29 12:58 : update: removing The Glitch Mob - Love Death Immortality (V0)/02. Our Demons (feat Aja Volkman).mp3
Mar 29 12:58 : update: removing The Glitch Mob - Love Death Immortality (V0)/03. Skullclub.mp3
Mar 29 12:58 : update: removing The Glitch Mob - Love Death Immortality (V0)/04. Becoming Harmonius (feat Metal Mother).mp3
Mar 29 12:58 : update: removing The Glitch Mob - Love Death Immortality (V0)/05. Can't Kill Us.mp3
Mar 29 12:58 : update: removing The Glitch Mob - Love Death Immortality (V0)/06. I Need My Memory Back (feat Aja Volkman).mp3
Mar 29 12:58 : update: removing The Glitch Mob - Love Death Immortality (V0)/07. Skytoucher.mp3
Mar 29 12:58 : update: removing The Glitch Mob - Love Death Immortality (V0)/08. Fly By Night Only (feat Yaarrohs).mp3
Mar 29 12:58 : update: removing The Glitch Mob - Love Death Immortality (V0)/09. Carry the Sun.mp3
Mar 29 12:58 : update: removing The Glitch Mob - Love Death Immortality (V0)/10. Beauty of the Unhidden Heart (feat Sister Crayon).mp3
Mar 29 12:58 : update: added The Glitch Mob/Love Death Immortality/02. Our Demons (feat Aja Volkman).mp3
Mar 29 12:58 : update: added The Glitch Mob/Love Death Immortality/07. Skytoucher.mp3
Mar 29 12:58 : update: added The Glitch Mob/Love Death Immortality/05. Can't Kill Us.mp3
Mar 29 12:58 : update: added The Glitch Mob/Love Death Immortality/10. Beauty of the Unhidden Heart (feat Sister Crayon).mp3
Mar 29 12:58 : update: added The Glitch Mob/Love Death Immortality/09. Carry the Sun.mp3
Mar 29 12:58 : update: added The Glitch Mob/Love Death Immortality/04. Becoming Harmonius (feat Metal Mother).mp3
Mar 29 12:58 : update: added The Glitch Mob/Love Death Immortality/08. Fly By Night Only (feat Yaarrohs).mp3
Mar 29 12:58 : update: added The Glitch Mob/Love Death Immortality/06. I Need My Memory Back (feat Aja Volkman).mp3
Mar 29 12:58 : update: added The Glitch Mob/Love Death Immortality/01. Mind of a Beast.mp3
Mar 29 12:58 : update: added The Glitch Mob/Love Death Immortality/03. Skullclub.mp3
Mar 29 12:58 : update: added The Glitch Mob/Drink The Sea The Remixes Volume 1 (v0)/7-12 - Drive It Like You Stole It (Mindelixir rmx).mp3
Mar 29 12:58 : update: added The Glitch Mob/Drink The Sea The Remixes Volume 1 (v0)/3-12 - Bad Wings (Kastle rmx).mp3
Mar 29 12:58 : update: added The Glitch Mob/Drink The Sea The Remixes Volume 1 (v0)/12 - Drive It Like You Stole It (Pawn rmx).mp3
Mar 29 12:58 : update: added The Glitch Mob/Drink The Sea The Remixes Volume 1 (v0)/2-12 - Animus Vox (EPROM rmx).mp3
Mar 29 12:58 : update: added The Glitch Mob/Drink The Sea The Remixes Volume 1 (v0)/1-12 - Between Two Points (Jogger rmx).mp3
Mar 29 12:58 : update: added The Glitch Mob/Drink The Sea The Remixes Volume 1 (v0)/10-12 - A Dream Within A Dream (Skeet Skeet rmx).mp3
Mar 29 12:58 : update: added The Glitch Mob/Drink The Sea The Remixes Volume 1 (v0)/5-12 - Between Two Points (St. Andrew rmx).mp3
Mar 29 12:58 : update: added The Glitch Mob/Drink The Sea The Remixes Volume 1 (v0)/11-12 - We Swarm (Chris De Luca rmx).mp3
Mar 29 12:58 : update: added The Glitch Mob/Drink The Sea The Remixes Volume 1 (v0)/8-12 - Starve The Ego, Feed The Soul (R-D rmx).mp3
Mar 29 12:58 : update: added The Glitch Mob/Drink The Sea The Remixes Volume 1 (v0)/9-12 - Between Two Points (King Britt rmx).mp3
Mar 29 12:58 : update: added The Glitch Mob/Drink The Sea The Remixes Volume 1 (v0)/6-12 - How To Be Eaten By A Woman (Salva rmx).mp3
Mar 29 12:58 : update: added The Glitch Mob/Drink The Sea The Remixes Volume 1 (v0)/4-12 - Fistful Of Silence (ESKMO rmx).mp3
Mar 29 12:58 : update: added The Glitch Mob/Drink The Sea The Remixes Vol.2 [2012] [v0]/07 Between Two Points (SPL Remix).mp3
Mar 29 12:58 : update: added The Glitch Mob/Drink The Sea The Remixes Vol.2 [2012] [v0]/02 How To Be Eaten By A Woman (Camo UFOs Remix).mp3
Mar 29 12:58 : update: added The Glitch Mob/Drink The Sea The Remixes Vol.2 [2012] [v0]/04 Between Two Points (Comma Remix).mp3
Mar 29 12:58 : update: added The Glitch Mob/Drink The Sea The Remixes Vol.2 [2012] [v0]/08 How To Be Eaten By A Woman (Mr_ Projectile Remix).mp3
Mar 29 12:58 : update: added The Glitch Mob/Drink The Sea The Remixes Vol.2 [2012] [v0]/09 We Swarm (Beats Antique Remix).mp3
Mar 29 12:58 : update: added The Glitch Mob/Drink The Sea The Remixes Vol.2 [2012] [v0]/13 A Dream Within A Dream (Nalepa Remix).mp3
Mar 29 12:58 : update: added The Glitch Mob/Drink The Sea The Remixes Vol.2 [2012] [v0]/06 Drive It Like You Stole It (Mirko Kosmos Remix).mp3
Mar 29 12:58 : update: added The Glitch Mob/Drink The Sea The Remixes Vol.2 [2012] [v0]/10 Between Two Dreams (Machinedrum Convergence).mp3
Mar 29 12:58 : update: added The Glitch Mob/Drink The Sea The Remixes Vol.2 [2012] [v0]/01 Fortune Days (DJ Vadim Remix ft_ Pugs Atomz).mp3
Mar 29 12:58 : update: added The Glitch Mob/Drink The Sea The Remixes Vol.2 [2012] [v0]/11 Bad Wings (Them Jeans Remix).mp3
Mar 29 12:58 : update: added The Glitch Mob/Drink The Sea The Remixes Vol.2 [2012] [v0]/05 Fortune Days (Virtual Boy Remix).mp3
Mar 29 12:58 : update: added The Glitch Mob/Drink The Sea The Remixes Vol.2 [2012] [v0]/03 Bad Wings (Deru Remix).mp3
Mar 29 12:58 : update: added The Glitch Mob/Drink The Sea The Remixes Vol.2 [2012] [v0]/12 How to Be Eaten By A Woman (Adam_01 Remix).mp3
Mar 29 12:58 : update: added James Blake/CMYK EP (2010) (v0)/01 CMYK.mp3
Mar 29 12:58 : update: added James Blake/CMYK EP (2010) (v0)/04 Postpone.mp3
Mar 29 12:58 : update: added James Blake/CMYK EP (2010) (v0)/03 I'll Stay.mp3
Mar 29 12:58 : update: added James Blake/CMYK EP (2010) (v0)/02 Footnotes.mp3
Mar 29 12:58 : update: added James Blake/Klavierwerke EP (V0)/02 - Tell Her Safe.mp3
Mar 29 12:58 : update: added James Blake/Klavierwerke EP (V0)/03 - I Only Know (What I Know Now).mp3
Mar 29 12:58 : update: added James Blake/Klavierwerke EP (V0)/04 - Don't You Think I Do.mp3
Mar 29 12:58 : update: added James Blake/Klavierwerke EP (V0)/01 - Klavierwerke.mp3
Mar 29 13:04 : player: played "James Blake/Klavierwerke EP (V0)/01 - Klavierwerke.mp3"
Mar 29 13:07 : player: played "James Blake/Klavierwerke EP (V0)/02 - Tell Her Safe.mp3"
Mar 29 13:09 : player: played "James Blake/Klavierwerke EP (V0)/03 - I Only Know (What I Know Now).mp3"
Mar 29 13:18 : player: played "James Blake/Klavierwerke EP (V0)/01 - Klavierwerke.mp3"
Mar 29 13:21 : player: played "James Blake/Klavierwerke EP (V0)/02 - Tell Her Safe.mp3"
Mar 29 13:26 : player: played "James Blake/Klavierwerke EP (V0)/03 - I Only Know (What I Know Now).mp3"
Mar 29 13:29 : player: played "James Blake/Klavierwerke EP (V0)/04 - Don't You Think I Do.mp3"
Mar 29 13:33 : player: played "James Blake/CMYK EP (2010) (v0)/01 CMYK.mp3"
Mar 29 13:38 : player: played "James Blake/CMYK EP (2010) (v0)/02 Footnotes.mp3"
Mar 29 13:41 : player: played "James Blake/CMYK EP (2010) (v0)/03 I'll Stay.mp3"
Mar 29 16:56 : config: option 'mixer_device' on line 214 was not recognized
Mar 29 16:56 : config: option 'mixer_control' on line 215 was not recognized
Mar 29 16:56 : config: option 'mixer_index' on line 216 was not recognized
Mar 29 19:24 : player: played "James Blake/Klavierwerke EP (V0)/01 - Klavierwerke.mp3"
Mar 29 19:47 : update: added /16 O Taste and See.m4a
Mar 29 19:49 : player: played "16 O Taste and See.m4a"
Mar 29 20:32 : player: played "16 O Taste and See.m4a"
Mar 29 20:36 : player: played "James Blake/Klavierwerke EP (V0)/02 - Tell Her Safe.mp3"
Mar 29 20:42 : player: played "James Blake/Klavierwerke EP (V0)/03 - I Only Know (What I Know Now).mp3"
Mar 29 20:45 : player: played "James Blake/Klavierwerke EP (V0)/04 - Don't You Think I Do.mp3"
Mar 29 20:48 : player: played "James Blake/CMYK EP (2010) (v0)/01 CMYK.mp3"
Mar 29 20:53 : player: played "James Blake/CMYK EP (2010) (v0)/02 Footnotes.mp3"
Mar 29 20:57 : player: played "James Blake/CMYK EP (2010) (v0)/03 I'll Stay.mp3"
Mar 29 21:01 : player: played "James Blake/CMYK EP (2010) (v0)/04 Postpone.mp3"
Mar 29 21:02 : player: played "16 O Taste and See.m4a"
Mar 29 21:35 : player: played "The Glitch Mob/Drink The Sea The Remixes Vol.2 [2012] [v0]/01 Fortune Days (DJ Vadim Remix ft_ Pugs Atomz).mp3"
Mar 29 21:40 : player: played "The Glitch Mob/Drink The Sea The Remixes Vol.2 [2012] [v0]/02 How To Be Eaten By A Woman (Camo UFOs Remix).mp3"
Mar 29 21:45 : player: played "The Glitch Mob/Drink The Sea The Remixes Vol.2 [2012] [v0]/03 Bad Wings (Deru Remix).mp3"
Mar 29 21:51 : player: played "The Glitch Mob/Drink The Sea The Remixes Vol.2 [2012] [v0]/04 Between Two Points (Comma Remix).mp3"
Mar 29 21:56 : player: played "The Glitch Mob/Drink The Sea The Remixes Vol.2 [2012] [v0]/05 Fortune Days (Virtual Boy Remix).mp3"
Mar 29 22:00 : player: played "The Glitch Mob/Drink The Sea The Remixes Vol.2 [2012] [v0]/06 Drive It Like You Stole It (Mirko Kosmos Remix).mp3"
Mar 29 22:01 : player: played "The Glitch Mob/Drink The Sea The Remixes Vol.2 [2012] [v0]/07 Between Two Points (SPL Remix).mp3"
Mar 30 07:19 : config: option 'mixer_device' on line 214 was not recognized
Mar 30 07:19 : config: option 'mixer_control' on line 215 was not recognized
Mar 30 07:19 : config: option 'mixer_index' on line 216 was not recognized
Mar 30 07:57 : player: played "James Blake/Klavierwerke EP (V0)/01 - Klavierwerke.mp3"
Mar 30 08:03 : player: played "James Blake/Klavierwerke EP (V0)/03 - I Only Know (What I Know Now).mp3"
Mar 30 08:06 : player: played "James Blake/Klavierwerke EP (V0)/04 - Don't You Think I Do.mp3"
Mar 30 08:10 : player: played "James Blake/CMYK EP (2010) (v0)/01 CMYK.mp3"
Mar 30 08:15 : player: played "James Blake/CMYK EP (2010) (v0)/02 Footnotes.mp3"
Mar 30 08:19 : player: played "James Blake/CMYK EP (2010) (v0)/03 I'll Stay.mp3"
Mar 30 08:22 : player: played "James Blake/CMYK EP (2010) (v0)/04 Postpone.mp3"
Mar 30 19:24 : config: option 'mixer_device' on line 214 was not recognized
Mar 30 19:24 : config: option 'mixer_control' on line 215 was not recognized
Mar 30 19:24 : config: option 'mixer_index' on line 216 was not recognized
Mar 30 19:50 : update: no read permissions on Shallow Grave/09 Into The Stream.mp3
Mar 30 19:50 : update: no read permissions on Shallow Grave/08 The Sparrow And The Medicine.mp3
Mar 30 19:50 : update: no read permissions on Shallow Grave/10 This Wind.mp3
Mar 30 19:50 : update: no read permissions on Shallow Grave/06 The Gardener.mp3
Mar 30 19:50 : update: no read permissions on Shallow Grave/03 Honey Won't You Let Me In.mp3
Mar 30 19:50 : update: no read permissions on Shallow Grave/02 Pistol Dreams.mp3
Mar 30 19:50 : update: no read permissions on Shallow Grave/04 Shallow Grave.mp3
Mar 30 19:50 : update: no read permissions on Shallow Grave/07 The Blizzard's Never Seen The Des.mp3
Mar 30 19:50 : update: no read permissions on Shallow Grave/05 Where Do My Bluebird Fly.mp3
Mar 30 19:50 : update: no read permissions on Shallow Grave/01 I Won't Be Found.mp3
Mar 30 19:50 : update: no read permissions on Tallest Man On Earth, The - Shallow Grave [2008] [FLAC]/10 - This Wind.flac
Mar 30 19:50 : update: no read permissions on Tallest Man On Earth, The - Shallow Grave [2008] [FLAC]/05 - Where Do My Bluebird Fly.flac
Mar 30 19:50 : update: no read permissions on Tallest Man On Earth, The - Shallow Grave [2008] [FLAC]/08 - The Sparrow and the Medicine.flac
Mar 30 19:50 : update: no read permissions on Tallest Man On Earth, The - Shallow Grave [2008] [FLAC]/07 - The Blizzard's Never Seen the Desert Sands.flac
Mar 30 19:50 : update: no read permissions on Tallest Man On Earth, The - Shallow Grave [2008] [FLAC]/01 - I Won't Be Found.flac
Mar 30 19:50 : update: no read permissions on Tallest Man On Earth, The - Shallow Grave [2008] [FLAC]/06 - The Gardener.flac
Mar 30 19:50 : update: no read permissions on Tallest Man On Earth, The - Shallow Grave [2008] [FLAC]/04 - Shallow Grave.flac
Mar 30 19:50 : update: no read permissions on Tallest Man On Earth, The - Shallow Grave [2008] [FLAC]/09 - Into the Stream.flac
Mar 30 19:50 : update: no read permissions on Tallest Man On Earth, The - Shallow Grave [2008] [FLAC]/03 - Honey Won't You Let Me In.flac
Mar 30 19:50 : update: no read permissions on Tallest Man On Earth, The - Shallow Grave [2008] [FLAC]/02 - Pistol Dreams.flac
Mar 30 19:50 : update: no read permissions on Boxer/06 Slow Show.mp3
Mar 30 19:50 : update: no read permissions on Boxer/09 Guest Room.mp3
Mar 30 19:50 : update: no read permissions on Boxer/12 Gospel.mp3
Mar 30 19:50 : update: no read permissions on Boxer/05 Green Gloves.mp3
Mar 30 19:50 : update: no read permissions on Boxer/04 Squalor Victoria.mp3
Mar 30 19:50 : update: no read permissions on Boxer/11 Ada.mp3
Mar 30 19:50 : update: no read permissions on Boxer/07 Apartment Story.mp3
Mar 30 19:50 : update: no read permissions on Boxer/03 Brainy.mp3
Mar 30 19:50 : update: no read permissions on Boxer/10 Racing Like A Pro.mp3
Mar 30 19:50 : update: no read permissions on Boxer/08 Start A War.mp3
Mar 30 19:50 : update: no read permissions on Boxer/01 Fake Empire.mp3
Mar 30 19:50 : update: no read permissions on Trouble Will Find Me/02 Demons.mp3
Mar 30 19:50 : update: no read permissions on Trouble Will Find Me/03 Don't Swallow The Cap.mp3
Mar 30 19:50 : update: no read permissions on Trouble Will Find Me/01 I Should Live In Salt.mp3
Mar 30 19:50 : update: no read permissions on Trouble Will Find Me/04 Fireproof.mp3
Mar 30 19:50 : update: no read permissions on Trouble Will Find Me/09 Slipped.mp3
Mar 30 19:50 : update: no read permissions on Trouble Will Find Me/12 Pink Rabbits.mp3
Mar 30 19:50 : update: no read permissions on Trouble Will Find Me/08 Graceless.mp3
Mar 30 19:50 : update: no read permissions on Trouble Will Find Me/11 Humiliation.mp3
Mar 30 19:50 : update: no read permissions on Trouble Will Find Me/07 This Is The Last Time.mp3
Mar 30 19:50 : update: no read permissions on Trouble Will Find Me/05 Sea Of Love.mp3
Mar 30 19:50 : update: no read permissions on Trouble Will Find Me/13 Hard To Find.mp3
Mar 30 19:50 : update: no read permissions on Trouble Will Find Me/10 I Need My Girl.mp3
Mar 30 19:50 : update: no read permissions on Trouble Will Find Me/06 Heavenfaced.mp3
Mar 30 19:51 : update: added Shallow Grave/09 Into The Stream.mp3
Mar 30 19:51 : update: added Shallow Grave/08 The Sparrow And The Medicine.mp3
Mar 30 19:51 : update: added Shallow Grave/10 This Wind.mp3
Mar 30 19:51 : update: added Shallow Grave/06 The Gardener.mp3
Mar 30 19:51 : update: added Shallow Grave/03 Honey Won't You Let Me In.mp3
Mar 30 19:51 : update: added Shallow Grave/02 Pistol Dreams.mp3
Mar 30 19:51 : update: added Shallow Grave/04 Shallow Grave.mp3
Mar 30 19:51 : update: added Shallow Grave/07 The Blizzard's Never Seen The Des.mp3
Mar 30 19:51 : update: added Shallow Grave/05 Where Do My Bluebird Fly.mp3
Mar 30 19:51 : update: added Shallow Grave/01 I Won't Be Found.mp3
Mar 30 19:51 : update: added Tallest Man On Earth, The - Shallow Grave [2008] [FLAC]/10 - This Wind.flac
Mar 30 19:51 : update: added Tallest Man On Earth, The - Shallow Grave [2008] [FLAC]/05 - Where Do My Bluebird Fly.flac
Mar 30 19:51 : update: added Tallest Man On Earth, The - Shallow Grave [2008] [FLAC]/08 - The Sparrow and the Medicine.flac
Mar 30 19:51 : update: added Tallest Man On Earth, The - Shallow Grave [2008] [FLAC]/07 - The Blizzard's Never Seen the Desert Sands.flac
Mar 30 19:51 : update: added Tallest Man On Earth, The - Shallow Grave [2008] [FLAC]/01 - I Won't Be Found.flac
Mar 30 19:51 : update: added Tallest Man On Earth, The - Shallow Grave [2008] [FLAC]/06 - The Gardener.flac
Mar 30 19:51 : update: added Tallest Man On Earth, The - Shallow Grave [2008] [FLAC]/04 - Shallow Grave.flac
Mar 30 19:51 : update: added Tallest Man On Earth, The - Shallow Grave [2008] [FLAC]/09 - Into the Stream.flac
Mar 30 19:51 : update: added Tallest Man On Earth, The - Shallow Grave [2008] [FLAC]/03 - Honey Won't You Let Me In.flac
Mar 30 19:51 : update: added Tallest Man On Earth, The - Shallow Grave [2008] [FLAC]/02 - Pistol Dreams.flac
Mar 30 19:51 : update: added Boxer/06 Slow Show.mp3
Mar 30 19:51 : update: added Boxer/09 Guest Room.mp3
Mar 30 19:51 : update: added Boxer/12 Gospel.mp3
Mar 30 19:51 : update: added Boxer/05 Green Gloves.mp3
Mar 30 19:51 : update: added Boxer/04 Squalor Victoria.mp3
Mar 30 19:51 : update: added Boxer/11 Ada.mp3
Mar 30 19:51 : update: added Boxer/07 Apartment Story.mp3
Mar 30 19:51 : update: added Boxer/03 Brainy.mp3
Mar 30 19:51 : update: added Boxer/10 Racing Like A Pro.mp3
Mar 30 19:51 : update: added Boxer/08 Start A War.mp3
Mar 30 19:51 : update: added Boxer/01 Fake Empire.mp3
Mar 30 19:51 : update: added Trouble Will Find Me/02 Demons.mp3
Mar 30 19:51 : update: added Trouble Will Find Me/03 Don't Swallow The Cap.mp3
Mar 30 19:51 : update: added Trouble Will Find Me/01 I Should Live In Salt.mp3
Mar 30 19:51 : update: added Trouble Will Find Me/04 Fireproof.mp3
Mar 30 19:51 : update: added Trouble Will Find Me/09 Slipped.mp3
Mar 30 19:51 : update: added Trouble Will Find Me/12 Pink Rabbits.mp3
Mar 30 19:51 : update: added Trouble Will Find Me/08 Graceless.mp3
Mar 30 19:51 : update: added Trouble Will Find Me/11 Humiliation.mp3
Mar 30 19:51 : update: added Trouble Will Find Me/07 This Is The Last Time.mp3
Mar 30 19:51 : update: added Trouble Will Find Me/05 Sea Of Love.mp3
Mar 30 19:51 : update: added Trouble Will Find Me/13 Hard To Find.mp3
Mar 30 19:51 : update: added Trouble Will Find Me/10 I Need My Girl.mp3
Mar 30 19:51 : update: added Trouble Will Find Me/06 Heavenfaced.mp3
Mar 30 19:52 : update: updating Trouble Will Find Me/02 Demons.mp3
Mar 30 19:52 : update: updating Trouble Will Find Me/03 Don't Swallow The Cap.mp3
Mar 30 19:52 : update: updating Trouble Will Find Me/01 I Should Live In Salt.mp3
Mar 30 19:52 : update: updating Trouble Will Find Me/04 Fireproof.mp3
Mar 30 19:52 : update: updating Trouble Will Find Me/09 Slipped.mp3
Mar 30 19:52 : update: updating Trouble Will Find Me/12 Pink Rabbits.mp3
Mar 30 19:52 : update: updating Trouble Will Find Me/08 Graceless.mp3
Mar 30 19:52 : update: updating Trouble Will Find Me/11 Humiliation.mp3
Mar 30 19:52 : update: updating Trouble Will Find Me/07 This Is The Last Time.mp3
Mar 30 19:52 : update: updating Trouble Will Find Me/05 Sea Of Love.mp3
Mar 30 19:52 : update: updating Trouble Will Find Me/13 Hard To Find.mp3
Mar 30 19:52 : update: updating Trouble Will Find Me/10 I Need My Girl.mp3
Mar 30 19:52 : update: updating Trouble Will Find Me/06 Heavenfaced.mp3
Mar 30 19:54 : player: played "James Blake/Klavierwerke EP (V0)/01 - Klavierwerke.mp3"
Mar 30 19:55 : player: played "Tallest Man On Earth, The - Shallow Grave [2008] [FLAC]/01 - I Won't Be Found.flac"
Mar 30 19:55 : player: played "Shallow Grave/01 I Won't Be Found.mp3"
Mar 30 19:55 : player: played "Tallest Man On Earth, The - Shallow Grave [2008] [FLAC]/01 - I Won't Be Found.flac"
Mar 30 19:55 : player: played "Shallow Grave/01 I Won't Be Found.mp3"
Mar 30 19:55 : player: played "Shallow Grave/02 Pistol Dreams.mp3"
Mar 30 19:55 : player: played "Tallest Man On Earth, The - Shallow Grave [2008] [FLAC]/02 - Pistol Dreams.flac"
Mar 30 19:55 : player: played "Tallest Man On Earth, The - Shallow Grave [2008] [FLAC]/01 - I Won't Be Found.flac"
Mar 30 19:56 : player: played "Shallow Grave/02 Pistol Dreams.mp3"
Mar 30 19:56 : player: played "Shallow Grave/03 Honey Won't You Let Me In.mp3"
Mar 30 19:56 : player: played "Shallow Grave/07 The Blizzard's Never Seen The Des.mp3"
Mar 30 19:56 : player: played "Tallest Man On Earth, The - Shallow Grave [2008] [FLAC]/07 - The Blizzard's Never Seen the Desert Sands.flac"
Mar 30 19:59 : player: played "Shallow Grave/10 This Wind.mp3"
Mar 30 20:10 : player: played "Shallow Grave/07 The Blizzard's Never Seen The Des.mp3"
Mar 30 20:10 : player: played "Shallow Grave/06 The Gardener.mp3"
Mar 30 20:13 : update: removing Shallow Grave/01 I Won't Be Found.mp3
Mar 30 20:13 : player: played "Shallow Grave/01 I Won't Be Found.mp3"
Mar 30 20:13 : update: added Shallow Grave/Honey Won't You Let Me In.mp3
Mar 30 20:14 : update: removing Shallow Grave/02 Pistol Dreams.mp3
Mar 30 20:14 : player: played "Shallow Grave/02 Pistol Dreams.mp3"
Mar 30 20:14 : update: added Shallow Grave/I Won't Be Found.mp3
Mar 30 20:16 : update: removing Shallow Grave/03 Honey Won't You Let Me In.mp3
Mar 30 20:16 : player: played "Shallow Grave/03 Honey Won't You Let Me In.mp3"
Mar 30 20:16 : update: added Shallow Grave/Into The Stream.mp3
Mar 30 20:16 : player: played "Shallow Grave/04 Shallow Grave.mp3"
Mar 30 20:16 : player: played "Shallow Grave/05 Where Do My Bluebird Fly.mp3"
Mar 30 20:16 : update: removing Shallow Grave/06 The Gardener.mp3
Mar 30 20:16 : player: played "Shallow Grave/06 The Gardener.mp3"
Mar 30 20:16 : update: added Shallow Grave/The Blizzard's Never Seen the Desert Sands.mp3
Mar 30 20:17 : update: removing Shallow Grave/07 The Blizzard's Never Seen The Des.mp3
Mar 30 20:17 : player: played "Shallow Grave/07 The Blizzard's Never Seen The Des.mp3"
Mar 30 20:17 : update: added Shallow Grave/The Gardener.mp3
Mar 30 20:17 : player: played "Shallow Grave/08 The Sparrow And The Medicine.mp3"
Mar 30 20:18 : update: removing Shallow Grave/10 This Wind.mp3
Mar 30 20:18 : player: played "Shallow Grave/10 This Wind.mp3"
Mar 30 20:18 : update: added Shallow Grave/Where Do My Bluebird Fly.mp3
Mar 30 20:19 : update: updating Shallow Grave/04 Shallow Grave.mp3
Mar 30 20:19 : player: played "Shallow Grave/04 Shallow Grave.mp3"
Mar 30 20:19 : update: removing Shallow Grave/04 Shallow Grave.mp3
Mar 30 20:19 : player: played "Shallow Grave/04 Shallow Grave.mp3"
Mar 30 20:19 : update: added Shallow Grave/Pistol Dreams.mp3
Mar 30 20:20 : update: removing Shallow Grave/05 Where Do My Bluebird Fly.mp3
Mar 30 20:20 : player: played "Shallow Grave/05 Where Do My Bluebird Fly.mp3"
Mar 30 20:20 : update: added Shallow Grave/Shallow Grave.mp3
Mar 30 20:21 : update: updating Shallow Grave/08 The Sparrow And The Medicine.mp3
Mar 30 20:21 : player: played "Shallow Grave/08 The Sparrow And The Medicine.mp3"
Mar 30 20:21 : update: removing Shallow Grave/09 Into The Stream.mp3
Mar 30 20:21 : player: played "Shallow Grave/09 Into The Stream.mp3"
Mar 30 20:21 : update: added Shallow Grave/Into the Stream.mp3
Mar 30 20:22 : update: updating Shallow Grave/08 The Sparrow And The Medicine.mp3
Mar 30 20:22 : update: updating Shallow Grave/I Won't Be Found.mp3
Mar 30 20:22 : update: updating Shallow Grave/Pistol Dreams.mp3
Mar 30 20:22 : update: updating Shallow Grave/Honey Won't You Let Me In.mp3
Mar 30 20:22 : player: played "Shallow Grave/I Won't Be Found.mp3"
Mar 30 20:22 : update: updating Shallow Grave/Shallow Grave.mp3
Mar 30 20:22 : update: updating Shallow Grave/Where Do My Bluebird Fly.mp3
Mar 30 20:23 : update: updating Shallow Grave/The Gardener.mp3
Mar 30 20:23 : update: updating Shallow Grave/The Blizzard's Never Seen the Desert Sands.mp3
Mar 30 20:23 : update: updating Shallow Grave/08 The Sparrow And The Medicine.mp3
Mar 30 20:23 : update: updating Shallow Grave/Into The Stream.mp3
Mar 30 20:23 : update: updating Shallow Grave/Into the Stream.mp3
Mar 30 20:24 : update: removing Tallest Man On Earth, The - Shallow Grave [2008] [FLAC]/01 - I Won't Be Found.flac
Mar 30 20:24 : update: removing Tallest Man On Earth, The - Shallow Grave [2008] [FLAC]/02 - Pistol Dreams.flac
Mar 30 20:24 : update: removing Tallest Man On Earth, The - Shallow Grave [2008] [FLAC]/03 - Honey Won't You Let Me In.flac
Mar 30 20:24 : update: removing Tallest Man On Earth, The - Shallow Grave [2008] [FLAC]/04 - Shallow Grave.flac
Mar 30 20:24 : update: removing Tallest Man On Earth, The - Shallow Grave [2008] [FLAC]/05 - Where Do My Bluebird Fly.flac
Mar 30 20:24 : update: removing Tallest Man On Earth, The - Shallow Grave [2008] [FLAC]/06 - The Gardener.flac
Mar 30 20:24 : update: removing Tallest Man On Earth, The - Shallow Grave [2008] [FLAC]/07 - The Blizzard's Never Seen the Desert Sands.flac
Mar 30 20:24 : update: removing Tallest Man On Earth, The - Shallow Grave [2008] [FLAC]/08 - The Sparrow and the Medicine.flac
Mar 30 20:24 : update: removing Tallest Man On Earth, The - Shallow Grave [2008] [FLAC]/09 - Into the Stream.flac
Mar 30 20:24 : update: removing Tallest Man On Earth, The - Shallow Grave [2008] [FLAC]/10 - This Wind.flac
Mar 30 20:24 : update: added Shallow Grave [FLAC]/10 - This Wind.flac
Mar 30 20:24 : update: added Shallow Grave [FLAC]/05 - Where Do My Bluebird Fly.flac
Mar 30 20:24 : update: added Shallow Grave [FLAC]/08 - The Sparrow and the Medicine.flac
Mar 30 20:24 : update: added Shallow Grave [FLAC]/07 - The Blizzard's Never Seen the Desert Sands.flac
Mar 30 20:24 : update: added Shallow Grave [FLAC]/01 - I Won't Be Found.flac
Mar 30 20:24 : update: added Shallow Grave [FLAC]/06 - The Gardener.flac
Mar 30 20:24 : update: added Shallow Grave [FLAC]/04 - Shallow Grave.flac
Mar 30 20:24 : update: added Shallow Grave [FLAC]/09 - Into the Stream.flac
Mar 30 20:24 : update: added Shallow Grave [FLAC]/03 - Honey Won't You Let Me In.flac
Mar 30 20:24 : update: added Shallow Grave [FLAC]/02 - Pistol Dreams.flac
Mar 30 20:25 : player: played "Shallow Grave/Shallow Grave.mp3"
Mar 30 20:25 : player: played "Shallow Grave/Where Do My Bluebird Fly.mp3"
Mar 31 08:51 : config: option 'mixer_device' on line 214 was not recognized
Mar 31 08:51 : config: option 'mixer_control' on line 215 was not recognized
Mar 31 08:51 : config: option 'mixer_index' on line 216 was not recognized
Mar 31 08:52 : player: played "Shallow Grave/I Won't Be Found.mp3"
Mar 31 08:55 : player: played "Shallow Grave [FLAC]/01 - I Won't Be Found.flac"
Mar 31 08:58 : player: played "Shallow Grave [FLAC]/02 - Pistol Dreams.flac"
Mar 31 09:01 : player: played "Shallow Grave [FLAC]/03 - Honey Won't You Let Me In.flac"
Mar 31 09:04 : player: played "Shallow Grave [FLAC]/04 - Shallow Grave.flac"
Mar 31 09:07 : player: played "Shallow Grave [FLAC]/05 - Where Do My Bluebird Fly.flac"
Mar 31 09:11 : player: played "Shallow Grave [FLAC]/06 - The Gardener.flac"
Mar 31 09:13 : player: played "Shallow Grave [FLAC]/07 - The Blizzard's Never Seen the Desert Sands.flac"
Mar 31 09:16 : player: played "Shallow Grave [FLAC]/08 - The Sparrow and the Medicine.flac"
Mar 31 09:19 : player: played "Shallow Grave [FLAC]/09 - Into the Stream.flac"
Mar 31 09:22 : player: played "Shallow Grave [FLAC]/10 - This Wind.flac"
Mar 31 11:27 : config: option 'mixer_device' on line 214 was not recognized
Mar 31 11:27 : config: option 'mixer_control' on line 215 was not recognized
Mar 31 11:27 : config: option 'mixer_index' on line 216 was not recognized
Mar 31 11:29 : player: played "Shallow Grave/I Won't Be Found.mp3"
Mar 31 11:31 : player: played "Shallow Grave [FLAC]/01 - I Won't Be Found.flac"
Mar 31 11:31 : player: played "Shallow Grave [FLAC]/02 - Pistol Dreams.flac"
Mar 31 11:32 : player: played "Shallow Grave/Pistol Dreams.mp3"
Mar 31 11:32 : player: played "Shallow Grave [FLAC]/02 - Pistol Dreams.flac"
Mar 31 11:32 : player: played "Shallow Grave/Pistol Dreams.mp3"
Mar 31 11:35 : player: played "Shallow Grave [FLAC]/03 - Honey Won't You Let Me In.flac"
Mar 31 11:37 : player: played "Shallow Grave [FLAC]/04 - Shallow Grave.flac"
Mar 31 11:40 : player: played "Shallow Grave [FLAC]/05 - Where Do My Bluebird Fly.flac"
Mar 31 11:44 : player: played "Shallow Grave [FLAC]/06 - The Gardener.flac"
Mar 31 11:46 : player: played "Shallow Grave [FLAC]/07 - The Blizzard's Never Seen the Desert Sands.flac"
Mar 31 11:50 : player: played "Shallow Grave [FLAC]/08 - The Sparrow and the Medicine.flac"
Mar 31 11:52 : player: played "Shallow Grave [FLAC]/09 - Into the Stream.flac"
Mar 31 11:56 : player: played "Shallow Grave [FLAC]/10 - This Wind.flac"
Mar 31 11:57 : update: updating The Glitch Mob/Drink The Sea The Remixes Volume 1 (v0)/7-12 - Drive It Like You Stole It (Mindelixir rmx).mp3
Mar 31 11:57 : update: updating The Glitch Mob/Drink The Sea The Remixes Volume 1 (v0)/3-12 - Bad Wings (Kastle rmx).mp3
Mar 31 11:57 : update: updating The Glitch Mob/Drink The Sea The Remixes Volume 1 (v0)/12 - Drive It Like You Stole It (Pawn rmx).mp3
Mar 31 11:57 : update: updating The Glitch Mob/Drink The Sea The Remixes Volume 1 (v0)/2-12 - Animus Vox (EPROM rmx).mp3
Mar 31 11:57 : update: updating The Glitch Mob/Drink The Sea The Remixes Volume 1 (v0)/1-12 - Between Two Points (Jogger rmx).mp3
Mar 31 11:57 : update: updating The Glitch Mob/Drink The Sea The Remixes Volume 1 (v0)/10-12 - A Dream Within A Dream (Skeet Skeet rmx).mp3
Mar 31 11:57 : update: updating The Glitch Mob/Drink The Sea The Remixes Volume 1 (v0)/5-12 - Between Two Points (St. Andrew rmx).mp3
Mar 31 11:57 : update: updating The Glitch Mob/Drink The Sea The Remixes Volume 1 (v0)/11-12 - We Swarm (Chris De Luca rmx).mp3
Mar 31 11:57 : update: updating The Glitch Mob/Drink The Sea The Remixes Volume 1 (v0)/8-12 - Starve The Ego, Feed The Soul (R-D rmx).mp3
Mar 31 11:57 : update: updating The Glitch Mob/Drink The Sea The Remixes Volume 1 (v0)/9-12 - Between Two Points (King Britt rmx).mp3
Mar 31 11:57 : update: updating The Glitch Mob/Drink The Sea The Remixes Volume 1 (v0)/6-12 - How To Be Eaten By A Woman (Salva rmx).mp3
Mar 31 11:57 : update: updating The Glitch Mob/Drink The Sea The Remixes Volume 1 (v0)/4-12 - Fistful Of Silence (ESKMO rmx).mp3
Mar 31 11:57 : player: played "James Blake/CMYK EP (2010) (v0)/01 CMYK.mp3"
Mar 31 11:57 : player: played "James Blake/CMYK EP (2010) (v0)/02 Footnotes.mp3"
Mar 31 11:57 : player: played "James Blake/CMYK EP (2010) (v0)/03 I'll Stay.mp3"
Mar 31 11:57 : player: played "James Blake/CMYK EP (2010) (v0)/04 Postpone.mp3"
Mar 31 11:58 : player: played "16 O Taste and See.m4a"
Mar 31 12:05 : player: played "The Glitch Mob/Drink The Sea The Remixes Volume 1 (v0)/1-12 - Between Two Points (Jogger rmx).mp3"
Mar 31 12:09 : player: played "The Glitch Mob/Drink The Sea The Remixes Volume 1 (v0)/2-12 - Animus Vox (EPROM rmx).mp3"
Mar 31 12:14 : player: played "The Glitch Mob/Drink The Sea The Remixes Volume 1 (v0)/3-12 - Bad Wings (Kastle rmx).mp3"
Mar 31 12:19 : player: played "The Glitch Mob/Drink The Sea The Remixes Volume 1 (v0)/4-12 - Fistful Of Silence (ESKMO rmx).mp3"
Mar 31 12:26 : player: played "The Glitch Mob/Drink The Sea The Remixes Volume 1 (v0)/5-12 - Between Two Points (St. Andrew rmx).mp3"
Mar 31 12:30 : player: played "The Glitch Mob/Drink The Sea The Remixes Volume 1 (v0)/6-12 - How To Be Eaten By A Woman (Salva rmx).mp3"
Mar 31 12:31 : config: option 'mixer_device' on line 214 was not recognized
Mar 31 12:31 : config: option 'mixer_control' on line 215 was not recognized
Mar 31 12:31 : config: option 'mixer_index' on line 216 was not recognized
ALSA lib pcm_hw.c:1667:(_snd_pcm_hw_open) Invalid value for card
Mar 31 12:31 : alsa_output: Failed to open "My ALSA Device" [alsa]: Failed to open ALSA device "hw:0,0": No such file or directory
Mar 31 12:31 : output: Failed to open audio output
Mar 31 12:31 : player: problems opening audio device while playing "The Glitch Mob/Drink The Sea The Remixes Volume 1 (v0)/6-12 - How To Be Eaten By A Woman (Salva rmx).mp3"
Mar 31 12:41 : player: played "The Glitch Mob/Drink The Sea The Remixes Volume 1 (v0)/6-12 - How To Be Eaten By A Woman (Salva rmx).mp3"
Mar 31 12:42 : config: option 'mixer_device' on line 214 was not recognized
Mar 31 12:42 : config: option 'mixer_control' on line 215 was not recognized
Mar 31 12:42 : config: option 'mixer_index' on line 216 was not recognized
Mar 31 12:50 : player: played "The Glitch Mob/Drink The Sea The Remixes Volume 1 (v0)/6-12 - How To Be Eaten By A Woman (Salva rmx).mp3"
Mar 31 12:56 : player: played "The Glitch Mob/Drink The Sea The Remixes Volume 1 (v0)/7-12 - Drive It Like You Stole It (Mindelixir rmx).mp3"
Mar 31 13:02 : player: played "The Glitch Mob/Drink The Sea The Remixes Volume 1 (v0)/8-12 - Starve The Ego, Feed The Soul (R-D rmx).mp3"
Mar 31 13:08 : player: played "The Glitch Mob/Drink The Sea The Remixes Volume 1 (v0)/9-12 - Between Two Points (King Britt rmx).mp3"
Mar 31 13:13 : player: played "The Glitch Mob/Drink The Sea The Remixes Volume 1 (v0)/10-12 - A Dream Within A Dream (Skeet Skeet rmx).mp3"
Mar 31 13:20 : player: played "The Glitch Mob/Drink The Sea The Remixes Volume 1 (v0)/11-12 - We Swarm (Chris De Luca rmx).mp3"
Mar 31 13:25 : player: played "The Glitch Mob/Drink The Sea The Remixes Volume 1 (v0)/12 - Drive It Like You Stole It (Pawn rmx).mp3"
Mar 31 13:31 : player: played "The Glitch Mob/Drink the Sea/01 Animus Vox.mp3"
Mar 31 13:38 : player: played "The Glitch Mob/Drink the Sea/02 Bad Wings.mp3"
Mar 31 13:44 : player: played "The Glitch Mob/Drink the Sea/03 How To Be Eaten By A Woman.mp3"
Mar 31 13:45 : player: played "The Glitch Mob/Drink the Sea/04 A Dream Within A Dream.mp3"
Mar 31 14:34 : config: option 'mixer_device' on line 214 was not recognized
Mar 31 14:34 : config: option 'mixer_control' on line 215 was not recognized
Mar 31 14:34 : config: option 'mixer_index' on line 216 was not recognized
Mar 31 14:37 : config: option 'mixer_device' on line 214 was not recognized
Mar 31 14:37 : config: option 'mixer_control' on line 215 was not recognized
Mar 31 14:37 : config: option 'mixer_index' on line 216 was not recognized
Apr 01 10:52 : config: option 'mixer_device' on line 214 was not recognized
Apr 01 10:52 : config: option 'mixer_control' on line 215 was not recognized
Apr 01 10:52 : config: option 'mixer_index' on line 216 was not recognized
